<?xml version="1.0" encoding="UTF-8"?>
<testng-results ignored="0" total="179" passed="179" failed="0" skipped="0">
  <reporter-output>
  </reporter-output>
  <suite started-at="2023-07-10T12:47:41 GMT-04:00" name="Default suite" finished-at="2023-07-10T12:53:18 GMT-04:00" duration-ms="336645">
    <groups>
      <group name="cucumber">
        <method signature="AbstractTestNGCucumberTests.runScenario(io.cucumber.testng.PickleWrapper,io.cucumber.testng.FeatureWrapper)[pri:0, instance:dsAlgo_TestRunner.TestRunner@2250b9f2]" name="runScenario" class="io.cucumber.testng.AbstractTestNGCucumberTests"/>
      </group> <!-- cucumber -->
    </groups>
    <test started-at="2023-07-10T12:47:41 GMT-04:00" name="Default test" finished-at="2023-07-10T12:53:18 GMT-04:00" duration-ms="336645">
      <class name="dsAlgo_TestRunner.TestRunner">
        <test-method is-config="true" signature="setUpClass(org.testng.ITestContext)[pri:0, instance:dsAlgo_TestRunner.TestRunner@2250b9f2]" started-at="2023-07-10T12:47:41 GMT-04:00" name="setUpClass" finished-at="2023-07-10T12:47:51 GMT-04:00" duration-ms="9488" status="PASS">
          <params>
            <param index="0">
              <value>
                <![CDATA[org.testng.TestRunner@c4e1284]]>
              </value>
            </param>
          </params>
          <reporter-output>
          </reporter-output>
        </test-method> <!-- setUpClass -->
        <test-method signature="runScenario(io.cucumber.testng.PickleWrapper,io.cucumber.testng.FeatureWrapper)[pri:0, instance:dsAlgo_TestRunner.TestRunner@2250b9f2]" started-at="2023-07-10T12:47:51 GMT-04:00" name="runScenario" description="Runs Cucumber Scenarios" data-provider="scenarios" finished-at="2023-07-10T12:47:52 GMT-04:00" duration-ms="1399" status="PASS">
          <params>
            <param index="0">
              <value>
                <![CDATA["User is on Home Page and clicks on any dropdown "<value>" without sign in"]]>
              </value>
            </param>
            <param index="1">
              <value>
                <![CDATA["Optional[Launch Browser and Test Home Page]"]]>
              </value>
            </param>
          </params>
          <reporter-output>
          </reporter-output>
        </test-method> <!-- runScenario -->
        <test-method signature="runScenario(io.cucumber.testng.PickleWrapper,io.cucumber.testng.FeatureWrapper)[pri:0, instance:dsAlgo_TestRunner.TestRunner@2250b9f2]" started-at="2023-07-10T12:47:52 GMT-04:00" name="runScenario" description="Runs Cucumber Scenarios" data-provider="scenarios" finished-at="2023-07-10T12:47:53 GMT-04:00" duration-ms="619" status="PASS">
          <params>
            <param index="0">
              <value>
                <![CDATA["User is on Home Page and clicks on any dropdown "<value>" without sign in"]]>
              </value>
            </param>
            <param index="1">
              <value>
                <![CDATA["Optional[Launch Browser and Test Home Page]"]]>
              </value>
            </param>
          </params>
          <reporter-output>
          </reporter-output>
        </test-method> <!-- runScenario -->
        <test-method signature="runScenario(io.cucumber.testng.PickleWrapper,io.cucumber.testng.FeatureWrapper)[pri:0, instance:dsAlgo_TestRunner.TestRunner@2250b9f2]" started-at="2023-07-10T12:47:53 GMT-04:00" name="runScenario" description="Runs Cucumber Scenarios" data-provider="scenarios" finished-at="2023-07-10T12:47:54 GMT-04:00" duration-ms="769" status="PASS">
          <params>
            <param index="0">
              <value>
                <![CDATA["User is on Home Page and clicks on any dropdown "<value>" without sign in"]]>
              </value>
            </param>
            <param index="1">
              <value>
                <![CDATA["Optional[Launch Browser and Test Home Page]"]]>
              </value>
            </param>
          </params>
          <reporter-output>
          </reporter-output>
        </test-method> <!-- runScenario -->
        <test-method signature="runScenario(io.cucumber.testng.PickleWrapper,io.cucumber.testng.FeatureWrapper)[pri:0, instance:dsAlgo_TestRunner.TestRunner@2250b9f2]" started-at="2023-07-10T12:47:54 GMT-04:00" name="runScenario" description="Runs Cucumber Scenarios" data-provider="scenarios" finished-at="2023-07-10T12:47:54 GMT-04:00" duration-ms="692" status="PASS">
          <params>
            <param index="0">
              <value>
                <![CDATA["User is on Home Page and clicks on any dropdown "<value>" without sign in"]]>
              </value>
            </param>
            <param index="1">
              <value>
                <![CDATA["Optional[Launch Browser and Test Home Page]"]]>
              </value>
            </param>
          </params>
          <reporter-output>
          </reporter-output>
        </test-method> <!-- runScenario -->
        <test-method signature="runScenario(io.cucumber.testng.PickleWrapper,io.cucumber.testng.FeatureWrapper)[pri:0, instance:dsAlgo_TestRunner.TestRunner@2250b9f2]" started-at="2023-07-10T12:47:54 GMT-04:00" name="runScenario" description="Runs Cucumber Scenarios" data-provider="scenarios" finished-at="2023-07-10T12:47:55 GMT-04:00" duration-ms="659" status="PASS">
          <params>
            <param index="0">
              <value>
                <![CDATA["User is on Home Page and clicks on any dropdown "<value>" without sign in"]]>
              </value>
            </param>
            <param index="1">
              <value>
                <![CDATA["Optional[Launch Browser and Test Home Page]"]]>
              </value>
            </param>
          </params>
          <reporter-output>
          </reporter-output>
        </test-method> <!-- runScenario -->
        <test-method signature="runScenario(io.cucumber.testng.PickleWrapper,io.cucumber.testng.FeatureWrapper)[pri:0, instance:dsAlgo_TestRunner.TestRunner@2250b9f2]" started-at="2023-07-10T12:47:55 GMT-04:00" name="runScenario" description="Runs Cucumber Scenarios" data-provider="scenarios" finished-at="2023-07-10T12:47:56 GMT-04:00" duration-ms="669" status="PASS">
          <params>
            <param index="0">
              <value>
                <![CDATA["User is on Home Page and clicks on any dropdown "<value>" without sign in"]]>
              </value>
            </param>
            <param index="1">
              <value>
                <![CDATA["Optional[Launch Browser and Test Home Page]"]]>
              </value>
            </param>
          </params>
          <reporter-output>
          </reporter-output>
        </test-method> <!-- runScenario -->
        <test-method signature="runScenario(io.cucumber.testng.PickleWrapper,io.cucumber.testng.FeatureWrapper)[pri:0, instance:dsAlgo_TestRunner.TestRunner@2250b9f2]" started-at="2023-07-10T12:47:56 GMT-04:00" name="runScenario" description="Runs Cucumber Scenarios" data-provider="scenarios" finished-at="2023-07-10T12:47:56 GMT-04:00" duration-ms="436" status="PASS">
          <params>
            <param index="0">
              <value>
                <![CDATA["User is on Home Page and clicks on any getStarted link "Data Structures-Introduction" without sign in"]]>
              </value>
            </param>
            <param index="1">
              <value>
                <![CDATA["Optional[Launch Browser and Test Home Page]"]]>
              </value>
            </param>
          </params>
          <reporter-output>
          </reporter-output>
        </test-method> <!-- runScenario -->
        <test-method signature="runScenario(io.cucumber.testng.PickleWrapper,io.cucumber.testng.FeatureWrapper)[pri:0, instance:dsAlgo_TestRunner.TestRunner@2250b9f2]" started-at="2023-07-10T12:47:56 GMT-04:00" name="runScenario" description="Runs Cucumber Scenarios" data-provider="scenarios" finished-at="2023-07-10T12:47:57 GMT-04:00" duration-ms="708" status="PASS">
          <params>
            <param index="0">
              <value>
                <![CDATA["User is on Home Page and clicks on any getStarted link "Arrays" without sign in"]]>
              </value>
            </param>
            <param index="1">
              <value>
                <![CDATA["Optional[Launch Browser and Test Home Page]"]]>
              </value>
            </param>
          </params>
          <reporter-output>
          </reporter-output>
        </test-method> <!-- runScenario -->
        <test-method signature="runScenario(io.cucumber.testng.PickleWrapper,io.cucumber.testng.FeatureWrapper)[pri:0, instance:dsAlgo_TestRunner.TestRunner@2250b9f2]" started-at="2023-07-10T12:47:57 GMT-04:00" name="runScenario" description="Runs Cucumber Scenarios" data-provider="scenarios" finished-at="2023-07-10T12:47:58 GMT-04:00" duration-ms="1171" status="PASS">
          <params>
            <param index="0">
              <value>
                <![CDATA["User is on Home Page and clicks on any getStarted link "Linked List" without sign in"]]>
              </value>
            </param>
            <param index="1">
              <value>
                <![CDATA["Optional[Launch Browser and Test Home Page]"]]>
              </value>
            </param>
          </params>
          <reporter-output>
          </reporter-output>
        </test-method> <!-- runScenario -->
        <test-method signature="runScenario(io.cucumber.testng.PickleWrapper,io.cucumber.testng.FeatureWrapper)[pri:0, instance:dsAlgo_TestRunner.TestRunner@2250b9f2]" started-at="2023-07-10T12:47:58 GMT-04:00" name="runScenario" description="Runs Cucumber Scenarios" data-provider="scenarios" finished-at="2023-07-10T12:47:58 GMT-04:00" duration-ms="385" status="PASS">
          <params>
            <param index="0">
              <value>
                <![CDATA["User is on Home Page and clicks on any getStarted link "Stack" without sign in"]]>
              </value>
            </param>
            <param index="1">
              <value>
                <![CDATA["Optional[Launch Browser and Test Home Page]"]]>
              </value>
            </param>
          </params>
          <reporter-output>
          </reporter-output>
        </test-method> <!-- runScenario -->
        <test-method signature="runScenario(io.cucumber.testng.PickleWrapper,io.cucumber.testng.FeatureWrapper)[pri:0, instance:dsAlgo_TestRunner.TestRunner@2250b9f2]" started-at="2023-07-10T12:47:58 GMT-04:00" name="runScenario" description="Runs Cucumber Scenarios" data-provider="scenarios" finished-at="2023-07-10T12:47:59 GMT-04:00" duration-ms="388" status="PASS">
          <params>
            <param index="0">
              <value>
                <![CDATA["User is on Home Page and clicks on any getStarted link "Queue" without sign in"]]>
              </value>
            </param>
            <param index="1">
              <value>
                <![CDATA["Optional[Launch Browser and Test Home Page]"]]>
              </value>
            </param>
          </params>
          <reporter-output>
          </reporter-output>
        </test-method> <!-- runScenario -->
        <test-method signature="runScenario(io.cucumber.testng.PickleWrapper,io.cucumber.testng.FeatureWrapper)[pri:0, instance:dsAlgo_TestRunner.TestRunner@2250b9f2]" started-at="2023-07-10T12:47:59 GMT-04:00" name="runScenario" description="Runs Cucumber Scenarios" data-provider="scenarios" finished-at="2023-07-10T12:47:59 GMT-04:00" duration-ms="449" status="PASS">
          <params>
            <param index="0">
              <value>
                <![CDATA["User is on Home Page and clicks on any getStarted link "Tree" without sign in"]]>
              </value>
            </param>
            <param index="1">
              <value>
                <![CDATA["Optional[Launch Browser and Test Home Page]"]]>
              </value>
            </param>
          </params>
          <reporter-output>
          </reporter-output>
        </test-method> <!-- runScenario -->
        <test-method signature="runScenario(io.cucumber.testng.PickleWrapper,io.cucumber.testng.FeatureWrapper)[pri:0, instance:dsAlgo_TestRunner.TestRunner@2250b9f2]" started-at="2023-07-10T12:47:59 GMT-04:00" name="runScenario" description="Runs Cucumber Scenarios" data-provider="scenarios" finished-at="2023-07-10T12:48:00 GMT-04:00" duration-ms="408" status="PASS">
          <params>
            <param index="0">
              <value>
                <![CDATA["User is on Home Page and clicks on any getStarted link "Graph" without sign in"]]>
              </value>
            </param>
            <param index="1">
              <value>
                <![CDATA["Optional[Launch Browser and Test Home Page]"]]>
              </value>
            </param>
          </params>
          <reporter-output>
          </reporter-output>
        </test-method> <!-- runScenario -->
        <test-method signature="runScenario(io.cucumber.testng.PickleWrapper,io.cucumber.testng.FeatureWrapper)[pri:0, instance:dsAlgo_TestRunner.TestRunner@2250b9f2]" started-at="2023-07-10T12:48:00 GMT-04:00" name="runScenario" description="Runs Cucumber Scenarios" data-provider="scenarios" finished-at="2023-07-10T12:48:00 GMT-04:00" duration-ms="361" status="PASS">
          <params>
            <param index="0">
              <value>
                <![CDATA["User is on Home page and Clicks on Signin"]]>
              </value>
            </param>
            <param index="1">
              <value>
                <![CDATA["Optional[Launch Browser and Test Home Page]"]]>
              </value>
            </param>
          </params>
          <reporter-output>
          </reporter-output>
        </test-method> <!-- runScenario -->
        <test-method signature="runScenario(io.cucumber.testng.PickleWrapper,io.cucumber.testng.FeatureWrapper)[pri:0, instance:dsAlgo_TestRunner.TestRunner@2250b9f2]" started-at="2023-07-10T12:48:00 GMT-04:00" name="runScenario" description="Runs Cucumber Scenarios" data-provider="scenarios" finished-at="2023-07-10T12:48:01 GMT-04:00" duration-ms="428" status="PASS">
          <params>
            <param index="0">
              <value>
                <![CDATA["User is on Home page and Clicks on Register"]]>
              </value>
            </param>
            <param index="1">
              <value>
                <![CDATA["Optional[Launch Browser and Test Home Page]"]]>
              </value>
            </param>
          </params>
          <reporter-output>
          </reporter-output>
        </test-method> <!-- runScenario -->
        <test-method signature="runScenario(io.cucumber.testng.PickleWrapper,io.cucumber.testng.FeatureWrapper)[pri:0, instance:dsAlgo_TestRunner.TestRunner@2250b9f2]" started-at="2023-07-10T12:48:01 GMT-04:00" name="runScenario" description="Runs Cucumber Scenarios" data-provider="scenarios" finished-at="2023-07-10T12:48:01 GMT-04:00" duration-ms="182" status="PASS">
          <params>
            <param index="0">
              <value>
                <![CDATA["User is on Home Page and clicks on any getStarted link "Data Structures-Introduction" with sign in"]]>
              </value>
            </param>
            <param index="1">
              <value>
                <![CDATA["Optional[Launch Browser and Test Home Page]"]]>
              </value>
            </param>
          </params>
          <reporter-output>
          </reporter-output>
        </test-method> <!-- runScenario -->
        <test-method signature="runScenario(io.cucumber.testng.PickleWrapper,io.cucumber.testng.FeatureWrapper)[pri:0, instance:dsAlgo_TestRunner.TestRunner@2250b9f2]" started-at="2023-07-10T12:48:01 GMT-04:00" name="runScenario" description="Runs Cucumber Scenarios" data-provider="scenarios" finished-at="2023-07-10T12:48:01 GMT-04:00" duration-ms="144" status="PASS">
          <params>
            <param index="0">
              <value>
                <![CDATA["User is on Home Page and clicks on any getStarted link "Arrays" with sign in"]]>
              </value>
            </param>
            <param index="1">
              <value>
                <![CDATA["Optional[Launch Browser and Test Home Page]"]]>
              </value>
            </param>
          </params>
          <reporter-output>
          </reporter-output>
        </test-method> <!-- runScenario -->
        <test-method signature="runScenario(io.cucumber.testng.PickleWrapper,io.cucumber.testng.FeatureWrapper)[pri:0, instance:dsAlgo_TestRunner.TestRunner@2250b9f2]" started-at="2023-07-10T12:48:01 GMT-04:00" name="runScenario" description="Runs Cucumber Scenarios" data-provider="scenarios" finished-at="2023-07-10T12:48:01 GMT-04:00" duration-ms="364" status="PASS">
          <params>
            <param index="0">
              <value>
                <![CDATA["User is on Home Page and clicks on any getStarted link "Linked List" with sign in"]]>
              </value>
            </param>
            <param index="1">
              <value>
                <![CDATA["Optional[Launch Browser and Test Home Page]"]]>
              </value>
            </param>
          </params>
          <reporter-output>
          </reporter-output>
        </test-method> <!-- runScenario -->
        <test-method signature="runScenario(io.cucumber.testng.PickleWrapper,io.cucumber.testng.FeatureWrapper)[pri:0, instance:dsAlgo_TestRunner.TestRunner@2250b9f2]" started-at="2023-07-10T12:48:01 GMT-04:00" name="runScenario" description="Runs Cucumber Scenarios" data-provider="scenarios" finished-at="2023-07-10T12:48:02 GMT-04:00" duration-ms="300" status="PASS">
          <params>
            <param index="0">
              <value>
                <![CDATA["User is on Home Page and clicks on any getStarted link "Stack" with sign in"]]>
              </value>
            </param>
            <param index="1">
              <value>
                <![CDATA["Optional[Launch Browser and Test Home Page]"]]>
              </value>
            </param>
          </params>
          <reporter-output>
          </reporter-output>
        </test-method> <!-- runScenario -->
        <test-method signature="runScenario(io.cucumber.testng.PickleWrapper,io.cucumber.testng.FeatureWrapper)[pri:0, instance:dsAlgo_TestRunner.TestRunner@2250b9f2]" started-at="2023-07-10T12:48:02 GMT-04:00" name="runScenario" description="Runs Cucumber Scenarios" data-provider="scenarios" finished-at="2023-07-10T12:48:02 GMT-04:00" duration-ms="142" status="PASS">
          <params>
            <param index="0">
              <value>
                <![CDATA["User is on Home Page and clicks on any getStarted link "Queue" with sign in"]]>
              </value>
            </param>
            <param index="1">
              <value>
                <![CDATA["Optional[Launch Browser and Test Home Page]"]]>
              </value>
            </param>
          </params>
          <reporter-output>
          </reporter-output>
        </test-method> <!-- runScenario -->
        <test-method signature="runScenario(io.cucumber.testng.PickleWrapper,io.cucumber.testng.FeatureWrapper)[pri:0, instance:dsAlgo_TestRunner.TestRunner@2250b9f2]" started-at="2023-07-10T12:48:02 GMT-04:00" name="runScenario" description="Runs Cucumber Scenarios" data-provider="scenarios" finished-at="2023-07-10T12:48:02 GMT-04:00" duration-ms="151" status="PASS">
          <params>
            <param index="0">
              <value>
                <![CDATA["User is on Home Page and clicks on any getStarted link "Tree" with sign in"]]>
              </value>
            </param>
            <param index="1">
              <value>
                <![CDATA["Optional[Launch Browser and Test Home Page]"]]>
              </value>
            </param>
          </params>
          <reporter-output>
          </reporter-output>
        </test-method> <!-- runScenario -->
        <test-method signature="runScenario(io.cucumber.testng.PickleWrapper,io.cucumber.testng.FeatureWrapper)[pri:0, instance:dsAlgo_TestRunner.TestRunner@2250b9f2]" started-at="2023-07-10T12:48:02 GMT-04:00" name="runScenario" description="Runs Cucumber Scenarios" data-provider="scenarios" finished-at="2023-07-10T12:48:02 GMT-04:00" duration-ms="139" status="PASS">
          <params>
            <param index="0">
              <value>
                <![CDATA["User is on Home Page and clicks on any getStarted link "Graph" with sign in"]]>
              </value>
            </param>
            <param index="1">
              <value>
                <![CDATA["Optional[Launch Browser and Test Home Page]"]]>
              </value>
            </param>
          </params>
          <reporter-output>
          </reporter-output>
        </test-method> <!-- runScenario -->
        <test-method signature="runScenario(io.cucumber.testng.PickleWrapper,io.cucumber.testng.FeatureWrapper)[pri:0, instance:dsAlgo_TestRunner.TestRunner@2250b9f2]" started-at="2023-07-10T12:48:02 GMT-04:00" name="runScenario" description="Runs Cucumber Scenarios" data-provider="scenarios" finished-at="2023-07-10T12:48:02 GMT-04:00" duration-ms="494" status="PASS">
          <params>
            <param index="0">
              <value>
                <![CDATA["To verify Register Form with Empty fields"]]>
              </value>
            </param>
            <param index="1">
              <value>
                <![CDATA["Optional[Registration verification and validation]"]]>
              </value>
            </param>
          </params>
          <reporter-output>
          </reporter-output>
        </test-method> <!-- runScenario -->
        <test-method signature="runScenario(io.cucumber.testng.PickleWrapper,io.cucumber.testng.FeatureWrapper)[pri:0, instance:dsAlgo_TestRunner.TestRunner@2250b9f2]" started-at="2023-07-10T12:48:02 GMT-04:00" name="runScenario" description="Runs Cucumber Scenarios" data-provider="scenarios" finished-at="2023-07-10T12:48:03 GMT-04:00" duration-ms="494" status="PASS">
          <params>
            <param index="0">
              <value>
                <![CDATA["The user is presented with error message for empty fields below password textbox"]]>
              </value>
            </param>
            <param index="1">
              <value>
                <![CDATA["Optional[Registration verification and validation]"]]>
              </value>
            </param>
          </params>
          <reporter-output>
          </reporter-output>
        </test-method> <!-- runScenario -->
        <test-method signature="runScenario(io.cucumber.testng.PickleWrapper,io.cucumber.testng.FeatureWrapper)[pri:0, instance:dsAlgo_TestRunner.TestRunner@2250b9f2]" started-at="2023-07-10T12:48:03 GMT-04:00" name="runScenario" description="Runs Cucumber Scenarios" data-provider="scenarios" finished-at="2023-07-10T12:48:03 GMT-04:00" duration-ms="517" status="PASS">
          <params>
            <param index="0">
              <value>
                <![CDATA["The user is presented with error message for empty fields below username textbox"]]>
              </value>
            </param>
            <param index="1">
              <value>
                <![CDATA["Optional[Registration verification and validation]"]]>
              </value>
            </param>
          </params>
          <reporter-output>
          </reporter-output>
        </test-method> <!-- runScenario -->
        <test-method signature="runScenario(io.cucumber.testng.PickleWrapper,io.cucumber.testng.FeatureWrapper)[pri:0, instance:dsAlgo_TestRunner.TestRunner@2250b9f2]" started-at="2023-07-10T12:48:03 GMT-04:00" name="runScenario" description="Runs Cucumber Scenarios" data-provider="scenarios" finished-at="2023-07-10T12:48:04 GMT-04:00" duration-ms="483" status="PASS">
          <params>
            <param index="0">
              <value>
                <![CDATA["The user is presented with error message for empty fields above Password Confirmation textbox"]]>
              </value>
            </param>
            <param index="1">
              <value>
                <![CDATA["Optional[Registration verification and validation]"]]>
              </value>
            </param>
          </params>
          <reporter-output>
          </reporter-output>
        </test-method> <!-- runScenario -->
        <test-method signature="runScenario(io.cucumber.testng.PickleWrapper,io.cucumber.testng.FeatureWrapper)[pri:0, instance:dsAlgo_TestRunner.TestRunner@2250b9f2]" started-at="2023-07-10T12:48:04 GMT-04:00" name="runScenario" description="Runs Cucumber Scenarios" data-provider="scenarios" finished-at="2023-07-10T12:48:05 GMT-04:00" duration-ms="731" status="PASS">
          <params>
            <param index="0">
              <value>
                <![CDATA["To verify Register Form with username and password only"]]>
              </value>
            </param>
            <param index="1">
              <value>
                <![CDATA["Optional[Registration verification and validation]"]]>
              </value>
            </param>
          </params>
          <reporter-output>
          </reporter-output>
        </test-method> <!-- runScenario -->
        <test-method signature="runScenario(io.cucumber.testng.PickleWrapper,io.cucumber.testng.FeatureWrapper)[pri:0, instance:dsAlgo_TestRunner.TestRunner@2250b9f2]" started-at="2023-07-10T12:48:05 GMT-04:00" name="runScenario" description="Runs Cucumber Scenarios" data-provider="scenarios" finished-at="2023-07-10T12:48:06 GMT-04:00" duration-ms="1579" status="PASS">
          <params>
            <param index="0">
              <value>
                <![CDATA["To verify Register Form with invalid Credentials"]]>
              </value>
            </param>
            <param index="1">
              <value>
                <![CDATA["Optional[Registration verification and validation]"]]>
              </value>
            </param>
          </params>
          <reporter-output>
          </reporter-output>
        </test-method> <!-- runScenario -->
        <test-method signature="runScenario(io.cucumber.testng.PickleWrapper,io.cucumber.testng.FeatureWrapper)[pri:0, instance:dsAlgo_TestRunner.TestRunner@2250b9f2]" started-at="2023-07-10T12:48:06 GMT-04:00" name="runScenario" description="Runs Cucumber Scenarios" data-provider="scenarios" finished-at="2023-07-10T12:48:07 GMT-04:00" duration-ms="694" status="PASS">
          <params>
            <param index="0">
              <value>
                <![CDATA["To verify Register Form with invalid Credentials"]]>
              </value>
            </param>
            <param index="1">
              <value>
                <![CDATA["Optional[Registration verification and validation]"]]>
              </value>
            </param>
          </params>
          <reporter-output>
          </reporter-output>
        </test-method> <!-- runScenario -->
        <test-method signature="runScenario(io.cucumber.testng.PickleWrapper,io.cucumber.testng.FeatureWrapper)[pri:0, instance:dsAlgo_TestRunner.TestRunner@2250b9f2]" started-at="2023-07-10T12:48:07 GMT-04:00" name="runScenario" description="Runs Cucumber Scenarios" data-provider="scenarios" finished-at="2023-07-10T12:48:08 GMT-04:00" duration-ms="670" status="PASS">
          <params>
            <param index="0">
              <value>
                <![CDATA["To verify Register Form with invalid Credentials"]]>
              </value>
            </param>
            <param index="1">
              <value>
                <![CDATA["Optional[Registration verification and validation]"]]>
              </value>
            </param>
          </params>
          <reporter-output>
          </reporter-output>
        </test-method> <!-- runScenario -->
        <test-method signature="runScenario(io.cucumber.testng.PickleWrapper,io.cucumber.testng.FeatureWrapper)[pri:0, instance:dsAlgo_TestRunner.TestRunner@2250b9f2]" started-at="2023-07-10T12:48:08 GMT-04:00" name="runScenario" description="Runs Cucumber Scenarios" data-provider="scenarios" finished-at="2023-07-10T12:48:08 GMT-04:00" duration-ms="775" status="PASS">
          <params>
            <param index="0">
              <value>
                <![CDATA["To verify Register Form with invalid Credentials"]]>
              </value>
            </param>
            <param index="1">
              <value>
                <![CDATA["Optional[Registration verification and validation]"]]>
              </value>
            </param>
          </params>
          <reporter-output>
          </reporter-output>
        </test-method> <!-- runScenario -->
        <test-method signature="runScenario(io.cucumber.testng.PickleWrapper,io.cucumber.testng.FeatureWrapper)[pri:0, instance:dsAlgo_TestRunner.TestRunner@2250b9f2]" started-at="2023-07-10T12:48:08 GMT-04:00" name="runScenario" description="Runs Cucumber Scenarios" data-provider="scenarios" finished-at="2023-07-10T12:48:09 GMT-04:00" duration-ms="582" status="PASS">
          <params>
            <param index="0">
              <value>
                <![CDATA["To verify Register Form with invalid Credentials"]]>
              </value>
            </param>
            <param index="1">
              <value>
                <![CDATA["Optional[Registration verification and validation]"]]>
              </value>
            </param>
          </params>
          <reporter-output>
          </reporter-output>
        </test-method> <!-- runScenario -->
        <test-method signature="runScenario(io.cucumber.testng.PickleWrapper,io.cucumber.testng.FeatureWrapper)[pri:0, instance:dsAlgo_TestRunner.TestRunner@2250b9f2]" started-at="2023-07-10T12:48:09 GMT-04:00" name="runScenario" description="Runs Cucumber Scenarios" data-provider="scenarios" finished-at="2023-07-10T12:48:10 GMT-04:00" duration-ms="585" status="PASS">
          <params>
            <param index="0">
              <value>
                <![CDATA["To verify Register Form with invalid Credentials"]]>
              </value>
            </param>
            <param index="1">
              <value>
                <![CDATA["Optional[Registration verification and validation]"]]>
              </value>
            </param>
          </params>
          <reporter-output>
          </reporter-output>
        </test-method> <!-- runScenario -->
        <test-method signature="runScenario(io.cucumber.testng.PickleWrapper,io.cucumber.testng.FeatureWrapper)[pri:0, instance:dsAlgo_TestRunner.TestRunner@2250b9f2]" started-at="2023-07-10T12:48:10 GMT-04:00" name="runScenario" description="Runs Cucumber Scenarios" data-provider="scenarios" finished-at="2023-07-10T12:48:10 GMT-04:00" duration-ms="586" status="PASS">
          <params>
            <param index="0">
              <value>
                <![CDATA["To verify Register Form with invalid Credentials"]]>
              </value>
            </param>
            <param index="1">
              <value>
                <![CDATA["Optional[Registration verification and validation]"]]>
              </value>
            </param>
          </params>
          <reporter-output>
          </reporter-output>
        </test-method> <!-- runScenario -->
        <test-method signature="runScenario(io.cucumber.testng.PickleWrapper,io.cucumber.testng.FeatureWrapper)[pri:0, instance:dsAlgo_TestRunner.TestRunner@2250b9f2]" started-at="2023-07-10T12:48:10 GMT-04:00" name="runScenario" description="Runs Cucumber Scenarios" data-provider="scenarios" finished-at="2023-07-10T12:48:16 GMT-04:00" duration-ms="5476" status="PASS">
          <params>
            <param index="0">
              <value>
                <![CDATA["to register with all the data"]]>
              </value>
            </param>
            <param index="1">
              <value>
                <![CDATA["Optional[Registration verification and validation]"]]>
              </value>
            </param>
          </params>
          <reporter-output>
          </reporter-output>
        </test-method> <!-- runScenario -->
        <test-method signature="runScenario(io.cucumber.testng.PickleWrapper,io.cucumber.testng.FeatureWrapper)[pri:0, instance:dsAlgo_TestRunner.TestRunner@2250b9f2]" started-at="2023-07-10T12:48:16 GMT-04:00" name="runScenario" description="Runs Cucumber Scenarios" data-provider="scenarios" finished-at="2023-07-10T12:48:16 GMT-04:00" duration-ms="354" status="PASS">
          <params>
            <param index="0">
              <value>
                <![CDATA["User is on Home page and Clicks on Signins"]]>
              </value>
            </param>
            <param index="1">
              <value>
                <![CDATA["Optional[Login Action]"]]>
              </value>
            </param>
          </params>
          <reporter-output>
          </reporter-output>
        </test-method> <!-- runScenario -->
        <test-method signature="runScenario(io.cucumber.testng.PickleWrapper,io.cucumber.testng.FeatureWrapper)[pri:0, instance:dsAlgo_TestRunner.TestRunner@2250b9f2]" started-at="2023-07-10T12:48:16 GMT-04:00" name="runScenario" description="Runs Cucumber Scenarios" data-provider="scenarios" finished-at="2023-07-10T12:48:17 GMT-04:00" duration-ms="685" status="PASS">
          <params>
            <param index="0">
              <value>
                <![CDATA["To verify SignIn with Empty fields"]]>
              </value>
            </param>
            <param index="1">
              <value>
                <![CDATA["Optional[Login Action]"]]>
              </value>
            </param>
          </params>
          <reporter-output>
          </reporter-output>
        </test-method> <!-- runScenario -->
        <test-method signature="runScenario(io.cucumber.testng.PickleWrapper,io.cucumber.testng.FeatureWrapper)[pri:0, instance:dsAlgo_TestRunner.TestRunner@2250b9f2]" started-at="2023-07-10T12:48:17 GMT-04:00" name="runScenario" description="Runs Cucumber Scenarios" data-provider="scenarios" finished-at="2023-07-10T12:48:18 GMT-04:00" duration-ms="851" status="PASS">
          <params>
            <param index="0">
              <value>
                <![CDATA["To verify SignIn with invalid "abcdefgh" and "zxyu1234 and gets the result "Invalid Username and Password""]]>
              </value>
            </param>
            <param index="1">
              <value>
                <![CDATA["Optional[Login Action]"]]>
              </value>
            </param>
          </params>
          <reporter-output>
          </reporter-output>
        </test-method> <!-- runScenario -->
        <test-method signature="runScenario(io.cucumber.testng.PickleWrapper,io.cucumber.testng.FeatureWrapper)[pri:0, instance:dsAlgo_TestRunner.TestRunner@2250b9f2]" started-at="2023-07-10T12:48:18 GMT-04:00" name="runScenario" description="Runs Cucumber Scenarios" data-provider="scenarios" finished-at="2023-07-10T12:48:18 GMT-04:00" duration-ms="799" status="PASS">
          <params>
            <param index="0">
              <value>
                <![CDATA["To verify SignIn with invalid "asdfger" and "@@@@ and gets the result "Invalid Username and Password""]]>
              </value>
            </param>
            <param index="1">
              <value>
                <![CDATA["Optional[Login Action]"]]>
              </value>
            </param>
          </params>
          <reporter-output>
          </reporter-output>
        </test-method> <!-- runScenario -->
        <test-method signature="runScenario(io.cucumber.testng.PickleWrapper,io.cucumber.testng.FeatureWrapper)[pri:0, instance:dsAlgo_TestRunner.TestRunner@2250b9f2]" started-at="2023-07-10T12:48:18 GMT-04:00" name="runScenario" description="Runs Cucumber Scenarios" data-provider="scenarios" finished-at="2023-07-10T12:48:19 GMT-04:00" duration-ms="833" status="PASS">
          <params>
            <param index="0">
              <value>
                <![CDATA["To verify SignIn with invalid "ER@$" and "sdkfsk12 and gets the result "Invalid Username and Password""]]>
              </value>
            </param>
            <param index="1">
              <value>
                <![CDATA["Optional[Login Action]"]]>
              </value>
            </param>
          </params>
          <reporter-output>
          </reporter-output>
        </test-method> <!-- runScenario -->
        <test-method signature="runScenario(io.cucumber.testng.PickleWrapper,io.cucumber.testng.FeatureWrapper)[pri:0, instance:dsAlgo_TestRunner.TestRunner@2250b9f2]" started-at="2023-07-10T12:48:19 GMT-04:00" name="runScenario" description="Runs Cucumber Scenarios" data-provider="scenarios" finished-at="2023-07-10T12:48:20 GMT-04:00" duration-ms="880" status="PASS">
          <params>
            <param index="0">
              <value>
                <![CDATA["To verify SignIn with username only"]]>
              </value>
            </param>
            <param index="1">
              <value>
                <![CDATA["Optional[Login Action]"]]>
              </value>
            </param>
          </params>
          <reporter-output>
          </reporter-output>
        </test-method> <!-- runScenario -->
        <test-method signature="runScenario(io.cucumber.testng.PickleWrapper,io.cucumber.testng.FeatureWrapper)[pri:0, instance:dsAlgo_TestRunner.TestRunner@2250b9f2]" started-at="2023-07-10T12:48:20 GMT-04:00" name="runScenario" description="Runs Cucumber Scenarios" data-provider="scenarios" finished-at="2023-07-10T12:48:21 GMT-04:00" duration-ms="881" status="PASS">
          <params>
            <param index="0">
              <value>
                <![CDATA["To verify SignIn with password only"]]>
              </value>
            </param>
            <param index="1">
              <value>
                <![CDATA["Optional[Login Action]"]]>
              </value>
            </param>
          </params>
          <reporter-output>
          </reporter-output>
        </test-method> <!-- runScenario -->
        <test-method signature="runScenario(io.cucumber.testng.PickleWrapper,io.cucumber.testng.FeatureWrapper)[pri:0, instance:dsAlgo_TestRunner.TestRunner@2250b9f2]" started-at="2023-07-10T12:48:21 GMT-04:00" name="runScenario" description="Runs Cucumber Scenarios" data-provider="scenarios" finished-at="2023-07-10T12:48:23 GMT-04:00" duration-ms="2098" status="PASS">
          <params>
            <param index="0">
              <value>
                <![CDATA["User  Login with  valid "sdet" and "sdet1234""]]>
              </value>
            </param>
            <param index="1">
              <value>
                <![CDATA["Optional[Login Action]"]]>
              </value>
            </param>
          </params>
          <reporter-output>
          </reporter-output>
        </test-method> <!-- runScenario -->
        <test-method signature="runScenario(io.cucumber.testng.PickleWrapper,io.cucumber.testng.FeatureWrapper)[pri:0, instance:dsAlgo_TestRunner.TestRunner@2250b9f2]" started-at="2023-07-10T12:48:23 GMT-04:00" name="runScenario" description="Runs Cucumber Scenarios" data-provider="scenarios" finished-at="2023-07-10T12:48:24 GMT-04:00" duration-ms="680" status="PASS">
          <params>
            <param index="0">
              <value>
                <![CDATA["The user is able to navigate to all options in datastructure page"]]>
              </value>
            </param>
            <param index="1">
              <value>
                <![CDATA["Optional[Test DataStructure  page]"]]>
              </value>
            </param>
          </params>
          <reporter-output>
          </reporter-output>
        </test-method> <!-- runScenario -->
        <test-method signature="runScenario(io.cucumber.testng.PickleWrapper,io.cucumber.testng.FeatureWrapper)[pri:0, instance:dsAlgo_TestRunner.TestRunner@2250b9f2]" started-at="2023-07-10T12:48:24 GMT-04:00" name="runScenario" description="Runs Cucumber Scenarios" data-provider="scenarios" finished-at="2023-07-10T12:48:27 GMT-04:00" duration-ms="3518" status="PASS">
          <params>
            <param index="0">
              <value>
                <![CDATA["The user is able run code in tryEditor"]]>
              </value>
            </param>
            <param index="1">
              <value>
                <![CDATA["Optional[Test DataStructure  page]"]]>
              </value>
            </param>
          </params>
          <reporter-output>
          </reporter-output>
        </test-method> <!-- runScenario -->
        <test-method signature="runScenario(io.cucumber.testng.PickleWrapper,io.cucumber.testng.FeatureWrapper)[pri:0, instance:dsAlgo_TestRunner.TestRunner@2250b9f2]" started-at="2023-07-10T12:48:27 GMT-04:00" name="runScenario" description="Runs Cucumber Scenarios" data-provider="scenarios" finished-at="2023-07-10T12:48:30 GMT-04:00" duration-ms="3126" status="PASS">
          <params>
            <param index="0">
              <value>
                <![CDATA["The user is able run code in tryEditor"]]>
              </value>
            </param>
            <param index="1">
              <value>
                <![CDATA["Optional[Test DataStructure  page]"]]>
              </value>
            </param>
          </params>
          <reporter-output>
          </reporter-output>
        </test-method> <!-- runScenario -->
        <test-method signature="runScenario(io.cucumber.testng.PickleWrapper,io.cucumber.testng.FeatureWrapper)[pri:0, instance:dsAlgo_TestRunner.TestRunner@2250b9f2]" started-at="2023-07-10T12:48:30 GMT-04:00" name="runScenario" description="Runs Cucumber Scenarios" data-provider="scenarios" finished-at="2023-07-10T12:48:33 GMT-04:00" duration-ms="2566" status="PASS">
          <params>
            <param index="0">
              <value>
                <![CDATA["The user is able to navigate to all options in array page"]]>
              </value>
            </param>
            <param index="1">
              <value>
                <![CDATA["Optional[Test Array page]"]]>
              </value>
            </param>
          </params>
          <reporter-output>
          </reporter-output>
        </test-method> <!-- runScenario -->
        <test-method signature="runScenario(io.cucumber.testng.PickleWrapper,io.cucumber.testng.FeatureWrapper)[pri:0, instance:dsAlgo_TestRunner.TestRunner@2250b9f2]" started-at="2023-07-10T12:48:33 GMT-04:00" name="runScenario" description="Runs Cucumber Scenarios" data-provider="scenarios" finished-at="2023-07-10T12:48:34 GMT-04:00" duration-ms="1136" status="PASS">
          <params>
            <param index="0">
              <value>
                <![CDATA["The user is able to navigate to all options in array page"]]>
              </value>
            </param>
            <param index="1">
              <value>
                <![CDATA["Optional[Test Array page]"]]>
              </value>
            </param>
          </params>
          <reporter-output>
          </reporter-output>
        </test-method> <!-- runScenario -->
        <test-method signature="runScenario(io.cucumber.testng.PickleWrapper,io.cucumber.testng.FeatureWrapper)[pri:0, instance:dsAlgo_TestRunner.TestRunner@2250b9f2]" started-at="2023-07-10T12:48:34 GMT-04:00" name="runScenario" description="Runs Cucumber Scenarios" data-provider="scenarios" finished-at="2023-07-10T12:48:35 GMT-04:00" duration-ms="895" status="PASS">
          <params>
            <param index="0">
              <value>
                <![CDATA["The user is able to navigate to all options in array page"]]>
              </value>
            </param>
            <param index="1">
              <value>
                <![CDATA["Optional[Test Array page]"]]>
              </value>
            </param>
          </params>
          <reporter-output>
          </reporter-output>
        </test-method> <!-- runScenario -->
        <test-method signature="runScenario(io.cucumber.testng.PickleWrapper,io.cucumber.testng.FeatureWrapper)[pri:0, instance:dsAlgo_TestRunner.TestRunner@2250b9f2]" started-at="2023-07-10T12:48:35 GMT-04:00" name="runScenario" description="Runs Cucumber Scenarios" data-provider="scenarios" finished-at="2023-07-10T12:48:36 GMT-04:00" duration-ms="1054" status="PASS">
          <params>
            <param index="0">
              <value>
                <![CDATA["The user is able to navigate to all options in array page"]]>
              </value>
            </param>
            <param index="1">
              <value>
                <![CDATA["Optional[Test Array page]"]]>
              </value>
            </param>
          </params>
          <reporter-output>
          </reporter-output>
        </test-method> <!-- runScenario -->
        <test-method signature="runScenario(io.cucumber.testng.PickleWrapper,io.cucumber.testng.FeatureWrapper)[pri:0, instance:dsAlgo_TestRunner.TestRunner@2250b9f2]" started-at="2023-07-10T12:48:36 GMT-04:00" name="runScenario" description="Runs Cucumber Scenarios" data-provider="scenarios" finished-at="2023-07-10T12:48:37 GMT-04:00" duration-ms="1344" status="PASS">
          <params>
            <param index="0">
              <value>
                <![CDATA["The user is able to navigate to all options in stack page"]]>
              </value>
            </param>
            <param index="1">
              <value>
                <![CDATA["Optional[Test Array page]"]]>
              </value>
            </param>
          </params>
          <reporter-output>
          </reporter-output>
        </test-method> <!-- runScenario -->
        <test-method signature="runScenario(io.cucumber.testng.PickleWrapper,io.cucumber.testng.FeatureWrapper)[pri:0, instance:dsAlgo_TestRunner.TestRunner@2250b9f2]" started-at="2023-07-10T12:48:37 GMT-04:00" name="runScenario" description="Runs Cucumber Scenarios" data-provider="scenarios" finished-at="2023-07-10T12:48:39 GMT-04:00" duration-ms="1170" status="PASS">
          <params>
            <param index="0">
              <value>
                <![CDATA["The user is able to navigate to all options in stack page"]]>
              </value>
            </param>
            <param index="1">
              <value>
                <![CDATA["Optional[Test Array page]"]]>
              </value>
            </param>
          </params>
          <reporter-output>
          </reporter-output>
        </test-method> <!-- runScenario -->
        <test-method signature="runScenario(io.cucumber.testng.PickleWrapper,io.cucumber.testng.FeatureWrapper)[pri:0, instance:dsAlgo_TestRunner.TestRunner@2250b9f2]" started-at="2023-07-10T12:48:39 GMT-04:00" name="runScenario" description="Runs Cucumber Scenarios" data-provider="scenarios" finished-at="2023-07-10T12:48:40 GMT-04:00" duration-ms="964" status="PASS">
          <params>
            <param index="0">
              <value>
                <![CDATA["The user is able to navigate to all options in stack page"]]>
              </value>
            </param>
            <param index="1">
              <value>
                <![CDATA["Optional[Test Array page]"]]>
              </value>
            </param>
          </params>
          <reporter-output>
          </reporter-output>
        </test-method> <!-- runScenario -->
        <test-method signature="runScenario(io.cucumber.testng.PickleWrapper,io.cucumber.testng.FeatureWrapper)[pri:0, instance:dsAlgo_TestRunner.TestRunner@2250b9f2]" started-at="2023-07-10T12:48:40 GMT-04:00" name="runScenario" description="Runs Cucumber Scenarios" data-provider="scenarios" finished-at="2023-07-10T12:48:41 GMT-04:00" duration-ms="1054" status="PASS">
          <params>
            <param index="0">
              <value>
                <![CDATA["The user is able to navigate to all options in stack page"]]>
              </value>
            </param>
            <param index="1">
              <value>
                <![CDATA["Optional[Test Array page]"]]>
              </value>
            </param>
          </params>
          <reporter-output>
          </reporter-output>
        </test-method> <!-- runScenario -->
        <test-method signature="runScenario(io.cucumber.testng.PickleWrapper,io.cucumber.testng.FeatureWrapper)[pri:0, instance:dsAlgo_TestRunner.TestRunner@2250b9f2]" started-at="2023-07-10T12:48:41 GMT-04:00" name="runScenario" description="Runs Cucumber Scenarios" data-provider="scenarios" finished-at="2023-07-10T12:48:44 GMT-04:00" duration-ms="3270" status="PASS">
          <params>
            <param index="0">
              <value>
                <![CDATA["The user is able run code in tryEditor"]]>
              </value>
            </param>
            <param index="1">
              <value>
                <![CDATA["Optional[Test Array page]"]]>
              </value>
            </param>
          </params>
          <reporter-output>
          </reporter-output>
        </test-method> <!-- runScenario -->
        <test-method signature="runScenario(io.cucumber.testng.PickleWrapper,io.cucumber.testng.FeatureWrapper)[pri:0, instance:dsAlgo_TestRunner.TestRunner@2250b9f2]" started-at="2023-07-10T12:48:44 GMT-04:00" name="runScenario" description="Runs Cucumber Scenarios" data-provider="scenarios" finished-at="2023-07-10T12:48:47 GMT-04:00" duration-ms="3322" status="PASS">
          <params>
            <param index="0">
              <value>
                <![CDATA["The user is able run code in tryEditor"]]>
              </value>
            </param>
            <param index="1">
              <value>
                <![CDATA["Optional[Test Array page]"]]>
              </value>
            </param>
          </params>
          <reporter-output>
          </reporter-output>
        </test-method> <!-- runScenario -->
        <test-method signature="runScenario(io.cucumber.testng.PickleWrapper,io.cucumber.testng.FeatureWrapper)[pri:0, instance:dsAlgo_TestRunner.TestRunner@2250b9f2]" started-at="2023-07-10T12:48:47 GMT-04:00" name="runScenario" description="Runs Cucumber Scenarios" data-provider="scenarios" finished-at="2023-07-10T12:48:51 GMT-04:00" duration-ms="3297" status="PASS">
          <params>
            <param index="0">
              <value>
                <![CDATA["The user is able run code in tryEditor"]]>
              </value>
            </param>
            <param index="1">
              <value>
                <![CDATA["Optional[Test Array page]"]]>
              </value>
            </param>
          </params>
          <reporter-output>
          </reporter-output>
        </test-method> <!-- runScenario -->
        <test-method signature="runScenario(io.cucumber.testng.PickleWrapper,io.cucumber.testng.FeatureWrapper)[pri:0, instance:dsAlgo_TestRunner.TestRunner@2250b9f2]" started-at="2023-07-10T12:48:51 GMT-04:00" name="runScenario" description="Runs Cucumber Scenarios" data-provider="scenarios" finished-at="2023-07-10T12:48:54 GMT-04:00" duration-ms="3385" status="PASS">
          <params>
            <param index="0">
              <value>
                <![CDATA["The user is able run code in tryEditor"]]>
              </value>
            </param>
            <param index="1">
              <value>
                <![CDATA["Optional[Test Array page]"]]>
              </value>
            </param>
          </params>
          <reporter-output>
          </reporter-output>
        </test-method> <!-- runScenario -->
        <test-method signature="runScenario(io.cucumber.testng.PickleWrapper,io.cucumber.testng.FeatureWrapper)[pri:0, instance:dsAlgo_TestRunner.TestRunner@2250b9f2]" started-at="2023-07-10T12:48:54 GMT-04:00" name="runScenario" description="Runs Cucumber Scenarios" data-provider="scenarios" finished-at="2023-07-10T12:48:58 GMT-04:00" duration-ms="4524" status="PASS">
          <params>
            <param index="0">
              <value>
                <![CDATA["The user is able run code in tryEditor"]]>
              </value>
            </param>
            <param index="1">
              <value>
                <![CDATA["Optional[Test Array page]"]]>
              </value>
            </param>
          </params>
          <reporter-output>
          </reporter-output>
        </test-method> <!-- runScenario -->
        <test-method signature="runScenario(io.cucumber.testng.PickleWrapper,io.cucumber.testng.FeatureWrapper)[pri:0, instance:dsAlgo_TestRunner.TestRunner@2250b9f2]" started-at="2023-07-10T12:48:58 GMT-04:00" name="runScenario" description="Runs Cucumber Scenarios" data-provider="scenarios" finished-at="2023-07-10T12:49:02 GMT-04:00" duration-ms="3974" status="PASS">
          <params>
            <param index="0">
              <value>
                <![CDATA["The user is able run code in tryEditor"]]>
              </value>
            </param>
            <param index="1">
              <value>
                <![CDATA["Optional[Test Array page]"]]>
              </value>
            </param>
          </params>
          <reporter-output>
          </reporter-output>
        </test-method> <!-- runScenario -->
        <test-method signature="runScenario(io.cucumber.testng.PickleWrapper,io.cucumber.testng.FeatureWrapper)[pri:0, instance:dsAlgo_TestRunner.TestRunner@2250b9f2]" started-at="2023-07-10T12:49:02 GMT-04:00" name="runScenario" description="Runs Cucumber Scenarios" data-provider="scenarios" finished-at="2023-07-10T12:49:06 GMT-04:00" duration-ms="3653" status="PASS">
          <params>
            <param index="0">
              <value>
                <![CDATA["The user is able run code in tryEditor"]]>
              </value>
            </param>
            <param index="1">
              <value>
                <![CDATA["Optional[Test Array page]"]]>
              </value>
            </param>
          </params>
          <reporter-output>
          </reporter-output>
        </test-method> <!-- runScenario -->
        <test-method signature="runScenario(io.cucumber.testng.PickleWrapper,io.cucumber.testng.FeatureWrapper)[pri:0, instance:dsAlgo_TestRunner.TestRunner@2250b9f2]" started-at="2023-07-10T12:49:06 GMT-04:00" name="runScenario" description="Runs Cucumber Scenarios" data-provider="scenarios" finished-at="2023-07-10T12:49:09 GMT-04:00" duration-ms="3183" status="PASS">
          <params>
            <param index="0">
              <value>
                <![CDATA["The user is able run code in tryEditor"]]>
              </value>
            </param>
            <param index="1">
              <value>
                <![CDATA["Optional[Test Array page]"]]>
              </value>
            </param>
          </params>
          <reporter-output>
          </reporter-output>
        </test-method> <!-- runScenario -->
        <test-method signature="runScenario(io.cucumber.testng.PickleWrapper,io.cucumber.testng.FeatureWrapper)[pri:0, instance:dsAlgo_TestRunner.TestRunner@2250b9f2]" started-at="2023-07-10T12:49:09 GMT-04:00" name="runScenario" description="Runs Cucumber Scenarios" data-provider="scenarios" finished-at="2023-07-10T12:49:10 GMT-04:00" duration-ms="681" status="PASS">
          <params>
            <param index="0">
              <value>
                <![CDATA["The user is able to navigate to Practice page"]]>
              </value>
            </param>
            <param index="1">
              <value>
                <![CDATA["Optional[Test Array page]"]]>
              </value>
            </param>
          </params>
          <reporter-output>
          </reporter-output>
        </test-method> <!-- runScenario -->
        <test-method signature="runScenario(io.cucumber.testng.PickleWrapper,io.cucumber.testng.FeatureWrapper)[pri:0, instance:dsAlgo_TestRunner.TestRunner@2250b9f2]" started-at="2023-07-10T12:49:10 GMT-04:00" name="runScenario" description="Runs Cucumber Scenarios" data-provider="scenarios" finished-at="2023-07-10T12:49:14 GMT-04:00" duration-ms="4317" status="PASS">
          <params>
            <param index="0">
              <value>
                <![CDATA["The user is able to run code in Practice session of Array in python"]]>
              </value>
            </param>
            <param index="1">
              <value>
                <![CDATA["Optional[Test Array page]"]]>
              </value>
            </param>
          </params>
          <reporter-output>
          </reporter-output>
        </test-method> <!-- runScenario -->
        <test-method signature="runScenario(io.cucumber.testng.PickleWrapper,io.cucumber.testng.FeatureWrapper)[pri:0, instance:dsAlgo_TestRunner.TestRunner@2250b9f2]" started-at="2023-07-10T12:49:14 GMT-04:00" name="runScenario" description="Runs Cucumber Scenarios" data-provider="scenarios" finished-at="2023-07-10T12:49:18 GMT-04:00" duration-ms="3266" status="PASS">
          <params>
            <param index="0">
              <value>
                <![CDATA["The user is able to run code in Practice session of Array in python"]]>
              </value>
            </param>
            <param index="1">
              <value>
                <![CDATA["Optional[Test Array page]"]]>
              </value>
            </param>
          </params>
          <reporter-output>
          </reporter-output>
        </test-method> <!-- runScenario -->
        <test-method signature="runScenario(io.cucumber.testng.PickleWrapper,io.cucumber.testng.FeatureWrapper)[pri:0, instance:dsAlgo_TestRunner.TestRunner@2250b9f2]" started-at="2023-07-10T12:49:18 GMT-04:00" name="runScenario" description="Runs Cucumber Scenarios" data-provider="scenarios" finished-at="2023-07-10T12:49:21 GMT-04:00" duration-ms="3201" status="PASS">
          <params>
            <param index="0">
              <value>
                <![CDATA["The user is able to run code in Practice session of Array in python"]]>
              </value>
            </param>
            <param index="1">
              <value>
                <![CDATA["Optional[Test Array page]"]]>
              </value>
            </param>
          </params>
          <reporter-output>
          </reporter-output>
        </test-method> <!-- runScenario -->
        <test-method signature="runScenario(io.cucumber.testng.PickleWrapper,io.cucumber.testng.FeatureWrapper)[pri:0, instance:dsAlgo_TestRunner.TestRunner@2250b9f2]" started-at="2023-07-10T12:49:21 GMT-04:00" name="runScenario" description="Runs Cucumber Scenarios" data-provider="scenarios" finished-at="2023-07-10T12:49:24 GMT-04:00" duration-ms="3214" status="PASS">
          <params>
            <param index="0">
              <value>
                <![CDATA["The user is able to run code in Practice session of Array in python"]]>
              </value>
            </param>
            <param index="1">
              <value>
                <![CDATA["Optional[Test Array page]"]]>
              </value>
            </param>
          </params>
          <reporter-output>
          </reporter-output>
        </test-method> <!-- runScenario -->
        <test-method signature="runScenario(io.cucumber.testng.PickleWrapper,io.cucumber.testng.FeatureWrapper)[pri:0, instance:dsAlgo_TestRunner.TestRunner@2250b9f2]" started-at="2023-07-10T12:49:24 GMT-04:00" name="runScenario" description="Runs Cucumber Scenarios" data-provider="scenarios" finished-at="2023-07-10T12:49:27 GMT-04:00" duration-ms="3233" status="PASS">
          <params>
            <param index="0">
              <value>
                <![CDATA["The user is able to run code in tryEditor for Practice session of Array in python"]]>
              </value>
            </param>
            <param index="1">
              <value>
                <![CDATA["Optional[Test Array page]"]]>
              </value>
            </param>
          </params>
          <reporter-output>
          </reporter-output>
        </test-method> <!-- runScenario -->
        <test-method signature="runScenario(io.cucumber.testng.PickleWrapper,io.cucumber.testng.FeatureWrapper)[pri:0, instance:dsAlgo_TestRunner.TestRunner@2250b9f2]" started-at="2023-07-10T12:49:27 GMT-04:00" name="runScenario" description="Runs Cucumber Scenarios" data-provider="scenarios" finished-at="2023-07-10T12:49:30 GMT-04:00" duration-ms="3252" status="PASS">
          <params>
            <param index="0">
              <value>
                <![CDATA["The user is able to run code in tryEditor for Practice session of Array in python"]]>
              </value>
            </param>
            <param index="1">
              <value>
                <![CDATA["Optional[Test Array page]"]]>
              </value>
            </param>
          </params>
          <reporter-output>
          </reporter-output>
        </test-method> <!-- runScenario -->
        <test-method signature="runScenario(io.cucumber.testng.PickleWrapper,io.cucumber.testng.FeatureWrapper)[pri:0, instance:dsAlgo_TestRunner.TestRunner@2250b9f2]" started-at="2023-07-10T12:49:30 GMT-04:00" name="runScenario" description="Runs Cucumber Scenarios" data-provider="scenarios" finished-at="2023-07-10T12:49:34 GMT-04:00" duration-ms="3338" status="PASS">
          <params>
            <param index="0">
              <value>
                <![CDATA["The user is able to run code in tryEditor for Practice session of Array in python"]]>
              </value>
            </param>
            <param index="1">
              <value>
                <![CDATA["Optional[Test Array page]"]]>
              </value>
            </param>
          </params>
          <reporter-output>
          </reporter-output>
        </test-method> <!-- runScenario -->
        <test-method signature="runScenario(io.cucumber.testng.PickleWrapper,io.cucumber.testng.FeatureWrapper)[pri:0, instance:dsAlgo_TestRunner.TestRunner@2250b9f2]" started-at="2023-07-10T12:49:34 GMT-04:00" name="runScenario" description="Runs Cucumber Scenarios" data-provider="scenarios" finished-at="2023-07-10T12:49:37 GMT-04:00" duration-ms="3239" status="PASS">
          <params>
            <param index="0">
              <value>
                <![CDATA["The user is able to run code in tryEditor for Practice session of Array in python"]]>
              </value>
            </param>
            <param index="1">
              <value>
                <![CDATA["Optional[Test Array page]"]]>
              </value>
            </param>
          </params>
          <reporter-output>
          </reporter-output>
        </test-method> <!-- runScenario -->
        <test-method signature="runScenario(io.cucumber.testng.PickleWrapper,io.cucumber.testng.FeatureWrapper)[pri:0, instance:dsAlgo_TestRunner.TestRunner@2250b9f2]" started-at="2023-07-10T12:49:37 GMT-04:00" name="runScenario" description="Runs Cucumber Scenarios" data-provider="scenarios" finished-at="2023-07-10T12:49:40 GMT-04:00" duration-ms="3428" status="PASS">
          <params>
            <param index="0">
              <value>
                <![CDATA["The user is able to run invald code in tryEditor for Practice session of Array in python"]]>
              </value>
            </param>
            <param index="1">
              <value>
                <![CDATA["Optional[Test Array page]"]]>
              </value>
            </param>
          </params>
          <reporter-output>
          </reporter-output>
        </test-method> <!-- runScenario -->
        <test-method signature="runScenario(io.cucumber.testng.PickleWrapper,io.cucumber.testng.FeatureWrapper)[pri:0, instance:dsAlgo_TestRunner.TestRunner@2250b9f2]" started-at="2023-07-10T12:49:40 GMT-04:00" name="runScenario" description="Runs Cucumber Scenarios" data-provider="scenarios" finished-at="2023-07-10T12:49:44 GMT-04:00" duration-ms="3262" status="PASS">
          <params>
            <param index="0">
              <value>
                <![CDATA["The user is able to run invald code in tryEditor for Practice session of Array in python"]]>
              </value>
            </param>
            <param index="1">
              <value>
                <![CDATA["Optional[Test Array page]"]]>
              </value>
            </param>
          </params>
          <reporter-output>
          </reporter-output>
        </test-method> <!-- runScenario -->
        <test-method signature="runScenario(io.cucumber.testng.PickleWrapper,io.cucumber.testng.FeatureWrapper)[pri:0, instance:dsAlgo_TestRunner.TestRunner@2250b9f2]" started-at="2023-07-10T12:49:44 GMT-04:00" name="runScenario" description="Runs Cucumber Scenarios" data-provider="scenarios" finished-at="2023-07-10T12:49:47 GMT-04:00" duration-ms="3451" status="PASS">
          <params>
            <param index="0">
              <value>
                <![CDATA["The user is able to run invald code in tryEditor for Practice session of Array in python"]]>
              </value>
            </param>
            <param index="1">
              <value>
                <![CDATA["Optional[Test Array page]"]]>
              </value>
            </param>
          </params>
          <reporter-output>
          </reporter-output>
        </test-method> <!-- runScenario -->
        <test-method signature="runScenario(io.cucumber.testng.PickleWrapper,io.cucumber.testng.FeatureWrapper)[pri:0, instance:dsAlgo_TestRunner.TestRunner@2250b9f2]" started-at="2023-07-10T12:49:47 GMT-04:00" name="runScenario" description="Runs Cucumber Scenarios" data-provider="scenarios" finished-at="2023-07-10T12:49:50 GMT-04:00" duration-ms="3167" status="PASS">
          <params>
            <param index="0">
              <value>
                <![CDATA["The user is able to run invald code in tryEditor for Practice session of Array in python"]]>
              </value>
            </param>
            <param index="1">
              <value>
                <![CDATA["Optional[Test Array page]"]]>
              </value>
            </param>
          </params>
          <reporter-output>
          </reporter-output>
        </test-method> <!-- runScenario -->
        <test-method signature="runScenario(io.cucumber.testng.PickleWrapper,io.cucumber.testng.FeatureWrapper)[pri:0, instance:dsAlgo_TestRunner.TestRunner@2250b9f2]" started-at="2023-07-10T12:49:50 GMT-04:00" name="runScenario" description="Runs Cucumber Scenarios" data-provider="scenarios" finished-at="2023-07-10T12:49:51 GMT-04:00" duration-ms="724" status="PASS">
          <params>
            <param index="0">
              <value>
                <![CDATA["User selects the Linked List item and verifies the Page Title"]]>
              </value>
            </param>
            <param index="1">
              <value>
                <![CDATA["Optional[user validates the Linked List Page]"]]>
              </value>
            </param>
          </params>
          <reporter-output>
          </reporter-output>
        </test-method> <!-- runScenario -->
        <test-method signature="runScenario(io.cucumber.testng.PickleWrapper,io.cucumber.testng.FeatureWrapper)[pri:0, instance:dsAlgo_TestRunner.TestRunner@2250b9f2]" started-at="2023-07-10T12:49:51 GMT-04:00" name="runScenario" description="Runs Cucumber Scenarios" data-provider="scenarios" finished-at="2023-07-10T12:49:53 GMT-04:00" duration-ms="1609" status="PASS">
          <params>
            <param index="0">
              <value>
                <![CDATA["User checks each of the topics in Linked List with valid python code"]]>
              </value>
            </param>
            <param index="1">
              <value>
                <![CDATA["Optional[user validates the Linked List Page]"]]>
              </value>
            </param>
          </params>
          <reporter-output>
          </reporter-output>
        </test-method> <!-- runScenario -->
        <test-method signature="runScenario(io.cucumber.testng.PickleWrapper,io.cucumber.testng.FeatureWrapper)[pri:0, instance:dsAlgo_TestRunner.TestRunner@2250b9f2]" started-at="2023-07-10T12:49:53 GMT-04:00" name="runScenario" description="Runs Cucumber Scenarios" data-provider="scenarios" finished-at="2023-07-10T12:49:55 GMT-04:00" duration-ms="1799" status="PASS">
          <params>
            <param index="0">
              <value>
                <![CDATA["User checks each of the topics in Linked List with valid python code"]]>
              </value>
            </param>
            <param index="1">
              <value>
                <![CDATA["Optional[user validates the Linked List Page]"]]>
              </value>
            </param>
          </params>
          <reporter-output>
          </reporter-output>
        </test-method> <!-- runScenario -->
        <test-method signature="runScenario(io.cucumber.testng.PickleWrapper,io.cucumber.testng.FeatureWrapper)[pri:0, instance:dsAlgo_TestRunner.TestRunner@2250b9f2]" started-at="2023-07-10T12:49:55 GMT-04:00" name="runScenario" description="Runs Cucumber Scenarios" data-provider="scenarios" finished-at="2023-07-10T12:49:57 GMT-04:00" duration-ms="2139" status="PASS">
          <params>
            <param index="0">
              <value>
                <![CDATA["User checks each of the topics in Linked List with valid python code"]]>
              </value>
            </param>
            <param index="1">
              <value>
                <![CDATA["Optional[user validates the Linked List Page]"]]>
              </value>
            </param>
          </params>
          <reporter-output>
          </reporter-output>
        </test-method> <!-- runScenario -->
        <test-method signature="runScenario(io.cucumber.testng.PickleWrapper,io.cucumber.testng.FeatureWrapper)[pri:0, instance:dsAlgo_TestRunner.TestRunner@2250b9f2]" started-at="2023-07-10T12:49:57 GMT-04:00" name="runScenario" description="Runs Cucumber Scenarios" data-provider="scenarios" finished-at="2023-07-10T12:49:58 GMT-04:00" duration-ms="1499" status="PASS">
          <params>
            <param index="0">
              <value>
                <![CDATA["User checks each of the topics in Linked List with valid python code"]]>
              </value>
            </param>
            <param index="1">
              <value>
                <![CDATA["Optional[user validates the Linked List Page]"]]>
              </value>
            </param>
          </params>
          <reporter-output>
          </reporter-output>
        </test-method> <!-- runScenario -->
        <test-method signature="runScenario(io.cucumber.testng.PickleWrapper,io.cucumber.testng.FeatureWrapper)[pri:0, instance:dsAlgo_TestRunner.TestRunner@2250b9f2]" started-at="2023-07-10T12:49:58 GMT-04:00" name="runScenario" description="Runs Cucumber Scenarios" data-provider="scenarios" finished-at="2023-07-10T12:50:00 GMT-04:00" duration-ms="1333" status="PASS">
          <params>
            <param index="0">
              <value>
                <![CDATA["User checks each of the topics in Linked List with valid python code"]]>
              </value>
            </param>
            <param index="1">
              <value>
                <![CDATA["Optional[user validates the Linked List Page]"]]>
              </value>
            </param>
          </params>
          <reporter-output>
          </reporter-output>
        </test-method> <!-- runScenario -->
        <test-method signature="runScenario(io.cucumber.testng.PickleWrapper,io.cucumber.testng.FeatureWrapper)[pri:0, instance:dsAlgo_TestRunner.TestRunner@2250b9f2]" started-at="2023-07-10T12:50:00 GMT-04:00" name="runScenario" description="Runs Cucumber Scenarios" data-provider="scenarios" finished-at="2023-07-10T12:50:01 GMT-04:00" duration-ms="1634" status="PASS">
          <params>
            <param index="0">
              <value>
                <![CDATA["User checks each of the topics in Linked List with valid python code"]]>
              </value>
            </param>
            <param index="1">
              <value>
                <![CDATA["Optional[user validates the Linked List Page]"]]>
              </value>
            </param>
          </params>
          <reporter-output>
          </reporter-output>
        </test-method> <!-- runScenario -->
        <test-method signature="runScenario(io.cucumber.testng.PickleWrapper,io.cucumber.testng.FeatureWrapper)[pri:0, instance:dsAlgo_TestRunner.TestRunner@2250b9f2]" started-at="2023-07-10T12:50:01 GMT-04:00" name="runScenario" description="Runs Cucumber Scenarios" data-provider="scenarios" finished-at="2023-07-10T12:50:04 GMT-04:00" duration-ms="2773" status="PASS">
          <params>
            <param index="0">
              <value>
                <![CDATA["User checks each of the topics in Linked List with valid python code"]]>
              </value>
            </param>
            <param index="1">
              <value>
                <![CDATA["Optional[user validates the Linked List Page]"]]>
              </value>
            </param>
          </params>
          <reporter-output>
          </reporter-output>
        </test-method> <!-- runScenario -->
        <test-method signature="runScenario(io.cucumber.testng.PickleWrapper,io.cucumber.testng.FeatureWrapper)[pri:0, instance:dsAlgo_TestRunner.TestRunner@2250b9f2]" started-at="2023-07-10T12:50:04 GMT-04:00" name="runScenario" description="Runs Cucumber Scenarios" data-provider="scenarios" finished-at="2023-07-10T12:50:05 GMT-04:00" duration-ms="1298" status="PASS">
          <params>
            <param index="0">
              <value>
                <![CDATA["User checks each of the topics in Linked List with invalid python code"]]>
              </value>
            </param>
            <param index="1">
              <value>
                <![CDATA["Optional[user validates the Linked List Page]"]]>
              </value>
            </param>
          </params>
          <reporter-output>
          </reporter-output>
        </test-method> <!-- runScenario -->
        <test-method signature="runScenario(io.cucumber.testng.PickleWrapper,io.cucumber.testng.FeatureWrapper)[pri:0, instance:dsAlgo_TestRunner.TestRunner@2250b9f2]" started-at="2023-07-10T12:50:05 GMT-04:00" name="runScenario" description="Runs Cucumber Scenarios" data-provider="scenarios" finished-at="2023-07-10T12:50:06 GMT-04:00" duration-ms="1229" status="PASS">
          <params>
            <param index="0">
              <value>
                <![CDATA["User checks each of the topics in Linked List with invalid python code"]]>
              </value>
            </param>
            <param index="1">
              <value>
                <![CDATA["Optional[user validates the Linked List Page]"]]>
              </value>
            </param>
          </params>
          <reporter-output>
          </reporter-output>
        </test-method> <!-- runScenario -->
        <test-method signature="runScenario(io.cucumber.testng.PickleWrapper,io.cucumber.testng.FeatureWrapper)[pri:0, instance:dsAlgo_TestRunner.TestRunner@2250b9f2]" started-at="2023-07-10T12:50:06 GMT-04:00" name="runScenario" description="Runs Cucumber Scenarios" data-provider="scenarios" finished-at="2023-07-10T12:50:07 GMT-04:00" duration-ms="971" status="PASS">
          <params>
            <param index="0">
              <value>
                <![CDATA["User checks each of the topics in Linked List with invalid python code"]]>
              </value>
            </param>
            <param index="1">
              <value>
                <![CDATA["Optional[user validates the Linked List Page]"]]>
              </value>
            </param>
          </params>
          <reporter-output>
          </reporter-output>
        </test-method> <!-- runScenario -->
        <test-method signature="runScenario(io.cucumber.testng.PickleWrapper,io.cucumber.testng.FeatureWrapper)[pri:0, instance:dsAlgo_TestRunner.TestRunner@2250b9f2]" started-at="2023-07-10T12:50:07 GMT-04:00" name="runScenario" description="Runs Cucumber Scenarios" data-provider="scenarios" finished-at="2023-07-10T12:50:10 GMT-04:00" duration-ms="2222" status="PASS">
          <params>
            <param index="0">
              <value>
                <![CDATA["User checks each of the topics in Linked List with invalid python code"]]>
              </value>
            </param>
            <param index="1">
              <value>
                <![CDATA["Optional[user validates the Linked List Page]"]]>
              </value>
            </param>
          </params>
          <reporter-output>
          </reporter-output>
        </test-method> <!-- runScenario -->
        <test-method signature="runScenario(io.cucumber.testng.PickleWrapper,io.cucumber.testng.FeatureWrapper)[pri:0, instance:dsAlgo_TestRunner.TestRunner@2250b9f2]" started-at="2023-07-10T12:50:10 GMT-04:00" name="runScenario" description="Runs Cucumber Scenarios" data-provider="scenarios" finished-at="2023-07-10T12:50:11 GMT-04:00" duration-ms="1301" status="PASS">
          <params>
            <param index="0">
              <value>
                <![CDATA["User checks each of the topics in Linked List with invalid python code"]]>
              </value>
            </param>
            <param index="1">
              <value>
                <![CDATA["Optional[user validates the Linked List Page]"]]>
              </value>
            </param>
          </params>
          <reporter-output>
          </reporter-output>
        </test-method> <!-- runScenario -->
        <test-method signature="runScenario(io.cucumber.testng.PickleWrapper,io.cucumber.testng.FeatureWrapper)[pri:0, instance:dsAlgo_TestRunner.TestRunner@2250b9f2]" started-at="2023-07-10T12:50:11 GMT-04:00" name="runScenario" description="Runs Cucumber Scenarios" data-provider="scenarios" finished-at="2023-07-10T12:50:13 GMT-04:00" duration-ms="1532" status="PASS">
          <params>
            <param index="0">
              <value>
                <![CDATA["User checks each of the topics in Linked List with invalid python code"]]>
              </value>
            </param>
            <param index="1">
              <value>
                <![CDATA["Optional[user validates the Linked List Page]"]]>
              </value>
            </param>
          </params>
          <reporter-output>
          </reporter-output>
        </test-method> <!-- runScenario -->
        <test-method signature="runScenario(io.cucumber.testng.PickleWrapper,io.cucumber.testng.FeatureWrapper)[pri:0, instance:dsAlgo_TestRunner.TestRunner@2250b9f2]" started-at="2023-07-10T12:50:13 GMT-04:00" name="runScenario" description="Runs Cucumber Scenarios" data-provider="scenarios" finished-at="2023-07-10T12:50:14 GMT-04:00" duration-ms="1236" status="PASS">
          <params>
            <param index="0">
              <value>
                <![CDATA["User checks each of the topics in Linked List with invalid python code"]]>
              </value>
            </param>
            <param index="1">
              <value>
                <![CDATA["Optional[user validates the Linked List Page]"]]>
              </value>
            </param>
          </params>
          <reporter-output>
          </reporter-output>
        </test-method> <!-- runScenario -->
        <test-method signature="runScenario(io.cucumber.testng.PickleWrapper,io.cucumber.testng.FeatureWrapper)[pri:0, instance:dsAlgo_TestRunner.TestRunner@2250b9f2]" started-at="2023-07-10T12:50:14 GMT-04:00" name="runScenario" description="Runs Cucumber Scenarios" data-provider="scenarios" finished-at="2023-07-10T12:50:15 GMT-04:00" duration-ms="1185" status="PASS">
          <params>
            <param index="0">
              <value>
                <![CDATA["The user is able to navigate to Practice page"]]>
              </value>
            </param>
            <param index="1">
              <value>
[...]
              </value>
            </param>
          </params>
          <reporter-output>
          </reporter-output>
        </test-method> <!-- runScenario -->
        <test-method signature="runScenario(io.cucumber.testng.PickleWrapper,io.cucumber.testng.FeatureWrapper)[pri:0, instance:dsAlgo_TestRunner.TestRunner@2250b9f2]" started-at="2023-07-10T12:51:50 GMT-04:00" name="runScenario" description="Runs Cucumber Scenarios" data-provider="scenarios" finished-at="2023-07-10T12:51:53 GMT-04:00" duration-ms="3271" status="PASS">
          <params>
            <param index="0">
              <value>
                <![CDATA["The user is able tree run code in tryEditor"]]>
              </value>
            </param>
            <param index="1">
              <value>
                <![CDATA["Optional[Test Tree Page]"]]>
              </value>
            </param>
          </params>
          <reporter-output>
          </reporter-output>
        </test-method> <!-- runScenario -->
        <test-method signature="runScenario(io.cucumber.testng.PickleWrapper,io.cucumber.testng.FeatureWrapper)[pri:0, instance:dsAlgo_TestRunner.TestRunner@2250b9f2]" started-at="2023-07-10T12:51:53 GMT-04:00" name="runScenario" description="Runs Cucumber Scenarios" data-provider="scenarios" finished-at="2023-07-10T12:51:56 GMT-04:00" duration-ms="3258" status="PASS">
          <params>
            <param index="0">
              <value>
                <![CDATA["The user is able tree run code in tryEditor"]]>
              </value>
            </param>
            <param index="1">
              <value>
                <![CDATA["Optional[Test Tree Page]"]]>
              </value>
            </param>
          </params>
          <reporter-output>
          </reporter-output>
        </test-method> <!-- runScenario -->
        <test-method signature="runScenario(io.cucumber.testng.PickleWrapper,io.cucumber.testng.FeatureWrapper)[pri:0, instance:dsAlgo_TestRunner.TestRunner@2250b9f2]" started-at="2023-07-10T12:51:56 GMT-04:00" name="runScenario" description="Runs Cucumber Scenarios" data-provider="scenarios" finished-at="2023-07-10T12:52:00 GMT-04:00" duration-ms="3313" status="PASS">
          <params>
            <param index="0">
              <value>
                <![CDATA["The user is able tree run code in tryEditor"]]>
              </value>
            </param>
            <param index="1">
              <value>
                <![CDATA["Optional[Test Tree Page]"]]>
              </value>
            </param>
          </params>
          <reporter-output>
          </reporter-output>
        </test-method> <!-- runScenario -->
        <test-method signature="runScenario(io.cucumber.testng.PickleWrapper,io.cucumber.testng.FeatureWrapper)[pri:0, instance:dsAlgo_TestRunner.TestRunner@2250b9f2]" started-at="2023-07-10T12:52:00 GMT-04:00" name="runScenario" description="Runs Cucumber Scenarios" data-provider="scenarios" finished-at="2023-07-10T12:52:03 GMT-04:00" duration-ms="3416" status="PASS">
          <params>
            <param index="0">
              <value>
                <![CDATA["The user is able tree run code in tryEditor"]]>
              </value>
            </param>
            <param index="1">
              <value>
                <![CDATA["Optional[Test Tree Page]"]]>
              </value>
            </param>
          </params>
          <reporter-output>
          </reporter-output>
        </test-method> <!-- runScenario -->
        <test-method signature="runScenario(io.cucumber.testng.PickleWrapper,io.cucumber.testng.FeatureWrapper)[pri:0, instance:dsAlgo_TestRunner.TestRunner@2250b9f2]" started-at="2023-07-10T12:52:03 GMT-04:00" name="runScenario" description="Runs Cucumber Scenarios" data-provider="scenarios" finished-at="2023-07-10T12:52:06 GMT-04:00" duration-ms="3085" status="PASS">
          <params>
            <param index="0">
              <value>
                <![CDATA["The user is able run code in tryEditor"]]>
              </value>
            </param>
            <param index="1">
              <value>
                <![CDATA["Optional[Test Tree Page]"]]>
              </value>
            </param>
          </params>
          <reporter-output>
          </reporter-output>
        </test-method> <!-- runScenario -->
        <test-method signature="runScenario(io.cucumber.testng.PickleWrapper,io.cucumber.testng.FeatureWrapper)[pri:0, instance:dsAlgo_TestRunner.TestRunner@2250b9f2]" started-at="2023-07-10T12:52:06 GMT-04:00" name="runScenario" description="Runs Cucumber Scenarios" data-provider="scenarios" finished-at="2023-07-10T12:52:09 GMT-04:00" duration-ms="3081" status="PASS">
          <params>
            <param index="0">
              <value>
                <![CDATA["The user is able run code in tryEditor"]]>
              </value>
            </param>
            <param index="1">
              <value>
                <![CDATA["Optional[Test Tree Page]"]]>
              </value>
            </param>
          </params>
          <reporter-output>
          </reporter-output>
        </test-method> <!-- runScenario -->
        <test-method signature="runScenario(io.cucumber.testng.PickleWrapper,io.cucumber.testng.FeatureWrapper)[pri:0, instance:dsAlgo_TestRunner.TestRunner@2250b9f2]" started-at="2023-07-10T12:52:09 GMT-04:00" name="runScenario" description="Runs Cucumber Scenarios" data-provider="scenarios" finished-at="2023-07-10T12:52:13 GMT-04:00" duration-ms="3645" status="PASS">
          <params>
            <param index="0">
              <value>
                <![CDATA["The user is able run code in tryEditor"]]>
              </value>
            </param>
            <param index="1">
              <value>
                <![CDATA["Optional[Test Tree Page]"]]>
              </value>
            </param>
          </params>
          <reporter-output>
          </reporter-output>
        </test-method> <!-- runScenario -->
        <test-method signature="runScenario(io.cucumber.testng.PickleWrapper,io.cucumber.testng.FeatureWrapper)[pri:0, instance:dsAlgo_TestRunner.TestRunner@2250b9f2]" started-at="2023-07-10T12:52:13 GMT-04:00" name="runScenario" description="Runs Cucumber Scenarios" data-provider="scenarios" finished-at="2023-07-10T12:52:16 GMT-04:00" duration-ms="3189" status="PASS">
          <params>
            <param index="0">
              <value>
                <![CDATA["The user is able run code in tryEditor"]]>
              </value>
            </param>
            <param index="1">
              <value>
                <![CDATA["Optional[Test Tree Page]"]]>
              </value>
            </param>
          </params>
          <reporter-output>
          </reporter-output>
        </test-method> <!-- runScenario -->
        <test-method signature="runScenario(io.cucumber.testng.PickleWrapper,io.cucumber.testng.FeatureWrapper)[pri:0, instance:dsAlgo_TestRunner.TestRunner@2250b9f2]" started-at="2023-07-10T12:52:16 GMT-04:00" name="runScenario" description="Runs Cucumber Scenarios" data-provider="scenarios" finished-at="2023-07-10T12:52:19 GMT-04:00" duration-ms="3176" status="PASS">
          <params>
            <param index="0">
              <value>
                <![CDATA["The user is able run code in tryEditor"]]>
              </value>
            </param>
            <param index="1">
              <value>
                <![CDATA["Optional[Test Tree Page]"]]>
              </value>
            </param>
          </params>
          <reporter-output>
          </reporter-output>
        </test-method> <!-- runScenario -->
        <test-method signature="runScenario(io.cucumber.testng.PickleWrapper,io.cucumber.testng.FeatureWrapper)[pri:0, instance:dsAlgo_TestRunner.TestRunner@2250b9f2]" started-at="2023-07-10T12:52:19 GMT-04:00" name="runScenario" description="Runs Cucumber Scenarios" data-provider="scenarios" finished-at="2023-07-10T12:52:23 GMT-04:00" duration-ms="3184" status="PASS">
          <params>
            <param index="0">
              <value>
                <![CDATA["The user is able run code in tryEditor"]]>
              </value>
            </param>
            <param index="1">
              <value>
                <![CDATA["Optional[Test Tree Page]"]]>
              </value>
            </param>
          </params>
          <reporter-output>
          </reporter-output>
        </test-method> <!-- runScenario -->
        <test-method signature="runScenario(io.cucumber.testng.PickleWrapper,io.cucumber.testng.FeatureWrapper)[pri:0, instance:dsAlgo_TestRunner.TestRunner@2250b9f2]" started-at="2023-07-10T12:52:23 GMT-04:00" name="runScenario" description="Runs Cucumber Scenarios" data-provider="scenarios" finished-at="2023-07-10T12:52:26 GMT-04:00" duration-ms="3073" status="PASS">
          <params>
            <param index="0">
              <value>
                <![CDATA["The user is able run code in tryEditor"]]>
              </value>
            </param>
            <param index="1">
              <value>
                <![CDATA["Optional[Test Tree Page]"]]>
              </value>
            </param>
          </params>
          <reporter-output>
          </reporter-output>
        </test-method> <!-- runScenario -->
        <test-method signature="runScenario(io.cucumber.testng.PickleWrapper,io.cucumber.testng.FeatureWrapper)[pri:0, instance:dsAlgo_TestRunner.TestRunner@2250b9f2]" started-at="2023-07-10T12:52:26 GMT-04:00" name="runScenario" description="Runs Cucumber Scenarios" data-provider="scenarios" finished-at="2023-07-10T12:52:30 GMT-04:00" duration-ms="3824" status="PASS">
          <params>
            <param index="0">
              <value>
                <![CDATA["The user is able run code in tryEditor"]]>
              </value>
            </param>
            <param index="1">
              <value>
                <![CDATA["Optional[Test Tree Page]"]]>
              </value>
            </param>
          </params>
          <reporter-output>
          </reporter-output>
        </test-method> <!-- runScenario -->
        <test-method signature="runScenario(io.cucumber.testng.PickleWrapper,io.cucumber.testng.FeatureWrapper)[pri:0, instance:dsAlgo_TestRunner.TestRunner@2250b9f2]" started-at="2023-07-10T12:52:30 GMT-04:00" name="runScenario" description="Runs Cucumber Scenarios" data-provider="scenarios" finished-at="2023-07-10T12:52:33 GMT-04:00" duration-ms="3248" status="PASS">
          <params>
            <param index="0">
              <value>
                <![CDATA["The user is able run code in tryEditor"]]>
              </value>
            </param>
            <param index="1">
              <value>
                <![CDATA["Optional[Test Tree Page]"]]>
              </value>
            </param>
          </params>
          <reporter-output>
          </reporter-output>
        </test-method> <!-- runScenario -->
        <test-method signature="runScenario(io.cucumber.testng.PickleWrapper,io.cucumber.testng.FeatureWrapper)[pri:0, instance:dsAlgo_TestRunner.TestRunner@2250b9f2]" started-at="2023-07-10T12:52:33 GMT-04:00" name="runScenario" description="Runs Cucumber Scenarios" data-provider="scenarios" finished-at="2023-07-10T12:52:36 GMT-04:00" duration-ms="3190" status="PASS">
          <params>
            <param index="0">
              <value>
                <![CDATA["The user is able run code in tryEditor"]]>
              </value>
            </param>
            <param index="1">
              <value>
                <![CDATA["Optional[Test Tree Page]"]]>
              </value>
            </param>
          </params>
          <reporter-output>
          </reporter-output>
        </test-method> <!-- runScenario -->
        <test-method signature="runScenario(io.cucumber.testng.PickleWrapper,io.cucumber.testng.FeatureWrapper)[pri:0, instance:dsAlgo_TestRunner.TestRunner@2250b9f2]" started-at="2023-07-10T12:52:36 GMT-04:00" name="runScenario" description="Runs Cucumber Scenarios" data-provider="scenarios" finished-at="2023-07-10T12:52:39 GMT-04:00" duration-ms="3203" status="PASS">
          <params>
            <param index="0">
              <value>
                <![CDATA["The user is able run code in tryEditor"]]>
              </value>
            </param>
            <param index="1">
              <value>
                <![CDATA["Optional[Test Tree Page]"]]>
              </value>
            </param>
          </params>
          <reporter-output>
          </reporter-output>
        </test-method> <!-- runScenario -->
        <test-method signature="runScenario(io.cucumber.testng.PickleWrapper,io.cucumber.testng.FeatureWrapper)[pri:0, instance:dsAlgo_TestRunner.TestRunner@2250b9f2]" started-at="2023-07-10T12:52:39 GMT-04:00" name="runScenario" description="Runs Cucumber Scenarios" data-provider="scenarios" finished-at="2023-07-10T12:52:43 GMT-04:00" duration-ms="3305" status="PASS">
          <params>
            <param index="0">
              <value>
                <![CDATA["The user is able run code in tryEditor"]]>
              </value>
            </param>
            <param index="1">
              <value>
                <![CDATA["Optional[Test Tree Page]"]]>
              </value>
            </param>
          </params>
          <reporter-output>
          </reporter-output>
        </test-method> <!-- runScenario -->
        <test-method signature="runScenario(io.cucumber.testng.PickleWrapper,io.cucumber.testng.FeatureWrapper)[pri:0, instance:dsAlgo_TestRunner.TestRunner@2250b9f2]" started-at="2023-07-10T12:52:43 GMT-04:00" name="runScenario" description="Runs Cucumber Scenarios" data-provider="scenarios" finished-at="2023-07-10T12:52:46 GMT-04:00" duration-ms="3682" status="PASS">
          <params>
            <param index="0">
              <value>
                <![CDATA["The user is able run code in tryEditor"]]>
              </value>
            </param>
            <param index="1">
              <value>
                <![CDATA["Optional[Test Tree Page]"]]>
              </value>
            </param>
          </params>
          <reporter-output>
          </reporter-output>
        </test-method> <!-- runScenario -->
        <test-method signature="runScenario(io.cucumber.testng.PickleWrapper,io.cucumber.testng.FeatureWrapper)[pri:0, instance:dsAlgo_TestRunner.TestRunner@2250b9f2]" started-at="2023-07-10T12:52:46 GMT-04:00" name="runScenario" description="Runs Cucumber Scenarios" data-provider="scenarios" finished-at="2023-07-10T12:52:47 GMT-04:00" duration-ms="622" status="PASS">
          <params>
            <param index="0">
              <value>
                <![CDATA["The user is able to navigate to Practice page"]]>
              </value>
            </param>
            <param index="1">
              <value>
                <![CDATA["Optional[Test Tree Page]"]]>
              </value>
            </param>
          </params>
          <reporter-output>
          </reporter-output>
        </test-method> <!-- runScenario -->
        <test-method signature="runScenario(io.cucumber.testng.PickleWrapper,io.cucumber.testng.FeatureWrapper)[pri:0, instance:dsAlgo_TestRunner.TestRunner@2250b9f2]" started-at="2023-07-10T12:52:47 GMT-04:00" name="runScenario" description="Runs Cucumber Scenarios" data-provider="scenarios" finished-at="2023-07-10T12:52:47 GMT-04:00" duration-ms="578" status="PASS">
          <params>
            <param index="0">
              <value>
                <![CDATA["User selects the Graph item and verifies the Page Title"]]>
              </value>
            </param>
            <param index="1">
              <value>
                <![CDATA["Optional[user validates the Linked List Page]"]]>
              </value>
            </param>
          </params>
          <reporter-output>
          </reporter-output>
        </test-method> <!-- runScenario -->
        <test-method signature="runScenario(io.cucumber.testng.PickleWrapper,io.cucumber.testng.FeatureWrapper)[pri:0, instance:dsAlgo_TestRunner.TestRunner@2250b9f2]" started-at="2023-07-10T12:52:47 GMT-04:00" name="runScenario" description="Runs Cucumber Scenarios" data-provider="scenarios" finished-at="2023-07-10T12:52:49 GMT-04:00" duration-ms="1355" status="PASS">
          <params>
            <param index="0">
              <value>
                <![CDATA["User checks each of the topics in Graph with valid python code"]]>
              </value>
            </param>
            <param index="1">
              <value>
                <![CDATA["Optional[user validates the Linked List Page]"]]>
              </value>
            </param>
          </params>
          <reporter-output>
          </reporter-output>
        </test-method> <!-- runScenario -->
        <test-method signature="runScenario(io.cucumber.testng.PickleWrapper,io.cucumber.testng.FeatureWrapper)[pri:0, instance:dsAlgo_TestRunner.TestRunner@2250b9f2]" started-at="2023-07-10T12:52:49 GMT-04:00" name="runScenario" description="Runs Cucumber Scenarios" data-provider="scenarios" finished-at="2023-07-10T12:52:50 GMT-04:00" duration-ms="1328" status="PASS">
          <params>
            <param index="0">
              <value>
                <![CDATA["User checks each of the topics in Graph with valid python code"]]>
              </value>
            </param>
            <param index="1">
              <value>
                <![CDATA["Optional[user validates the Linked List Page]"]]>
              </value>
            </param>
          </params>
          <reporter-output>
          </reporter-output>
        </test-method> <!-- runScenario -->
        <test-method signature="runScenario(io.cucumber.testng.PickleWrapper,io.cucumber.testng.FeatureWrapper)[pri:0, instance:dsAlgo_TestRunner.TestRunner@2250b9f2]" started-at="2023-07-10T12:52:50 GMT-04:00" name="runScenario" description="Runs Cucumber Scenarios" data-provider="scenarios" finished-at="2023-07-10T12:52:52 GMT-04:00" duration-ms="1888" status="PASS">
          <params>
            <param index="0">
              <value>
                <![CDATA["User checks each of the topics in Graph with invalid python code"]]>
              </value>
            </param>
            <param index="1">
              <value>
                <![CDATA["Optional[user validates the Linked List Page]"]]>
              </value>
            </param>
          </params>
          <reporter-output>
          </reporter-output>
        </test-method> <!-- runScenario -->
        <test-method signature="runScenario(io.cucumber.testng.PickleWrapper,io.cucumber.testng.FeatureWrapper)[pri:0, instance:dsAlgo_TestRunner.TestRunner@2250b9f2]" started-at="2023-07-10T12:52:52 GMT-04:00" name="runScenario" description="Runs Cucumber Scenarios" data-provider="scenarios" finished-at="2023-07-10T12:52:53 GMT-04:00" duration-ms="1274" status="PASS">
          <params>
            <param index="0">
              <value>
                <![CDATA["User checks each of the topics in Graph with invalid python code"]]>
              </value>
            </param>
            <param index="1">
              <value>
                <![CDATA["Optional[user validates the Linked List Page]"]]>
              </value>
            </param>
          </params>
          <reporter-output>
          </reporter-output>
        </test-method> <!-- runScenario -->
        <test-method is-config="true" signature="tearDownClass()[pri:0, instance:dsAlgo_TestRunner.TestRunner@2250b9f2]" started-at="2023-07-10T12:52:53 GMT-04:00" name="tearDownClass" finished-at="2023-07-10T12:53:18 GMT-04:00" duration-ms="24551" status="PASS">
          <reporter-output>
          </reporter-output>
        </test-method> <!-- tearDownClass -->
      </class> <!-- dsAlgo_TestRunner.TestRunner -->
    </test> <!-- Default test -->
  </suite> <!-- Default suite -->
</testng-results>
