<?xml version="1.0" encoding="UTF-8"?>
<!-- Generated by org.testng.reporters.JUnitReportReporter -->
<testsuite hostname="DESKTOP-89HMT6O" failures="0" tests="179" name="dsAlgo_TestRunner.TestRunner" time="343.728" errors="2" timestamp="2023-07-09T19:25:05 GMT-04:00" skipped="0">
  <testcase classname="dsAlgo_TestRunner.TestRunner" name="runScenario" time="1.966"/>
  <testcase classname="dsAlgo_TestRunner.TestRunner" name="runScenario" time="0.903"/>
  <testcase classname="dsAlgo_TestRunner.TestRunner" name="runScenario" time="1.446"/>
  <testcase classname="dsAlgo_TestRunner.TestRunner" name="runScenario" time="4.010"/>
  <testcase classname="dsAlgo_TestRunner.TestRunner" name="runScenario" time="3.983"/>
  <testcase classname="dsAlgo_TestRunner.TestRunner" name="runScenario" time="1.930"/>
  <testcase classname="dsAlgo_TestRunner.TestRunner" name="runScenario" time="0.668"/>
  <testcase classname="dsAlgo_TestRunner.TestRunner" name="runScenario" time="0.496"/>
  <testcase classname="dsAlgo_TestRunner.TestRunner" name="runScenario" time="1.385"/>
  <testcase classname="dsAlgo_TestRunner.TestRunner" name="runScenario" time="1.220"/>
  <testcase classname="dsAlgo_TestRunner.TestRunner" name="runScenario" time="0.679"/>
  <testcase classname="dsAlgo_TestRunner.TestRunner" name="runScenario" time="1.481"/>
  <testcase classname="dsAlgo_TestRunner.TestRunner" name="runScenario" time="0.950"/>
  <testcase classname="dsAlgo_TestRunner.TestRunner" name="runScenario" time="0.474"/>
  <testcase classname="dsAlgo_TestRunner.TestRunner" name="runScenario" time="2.398"/>
  <testcase classname="dsAlgo_TestRunner.TestRunner" name="runScenario" time="1.565"/>
  <testcase classname="dsAlgo_TestRunner.TestRunner" name="runScenario" time="3.302"/>
  <testcase classname="dsAlgo_TestRunner.TestRunner" name="runScenario" time="0.195"/>
  <testcase classname="dsAlgo_TestRunner.TestRunner" name="runScenario" time="0.799"/>
  <testcase classname="dsAlgo_TestRunner.TestRunner" name="runScenario" time="2.084"/>
  <testcase classname="dsAlgo_TestRunner.TestRunner" name="runScenario" time="1.702"/>
  <testcase classname="dsAlgo_TestRunner.TestRunner" name="runScenario" time="1.342"/>
  <testcase classname="dsAlgo_TestRunner.TestRunner" name="runScenario" time="3.443"/>
  <testcase classname="dsAlgo_TestRunner.TestRunner" name="runScenario" time="1.581"/>
  <testcase classname="dsAlgo_TestRunner.TestRunner" name="runScenario" time="0.793"/>
  <testcase classname="dsAlgo_TestRunner.TestRunner" name="runScenario" time="0.979"/>
  <testcase classname="dsAlgo_TestRunner.TestRunner" name="runScenario" time="1.512"/>
  <testcase classname="dsAlgo_TestRunner.TestRunner" name="runScenario" time="4.048"/>
  <testcase classname="dsAlgo_TestRunner.TestRunner" name="runScenario" time="0.759"/>
  <testcase classname="dsAlgo_TestRunner.TestRunner" name="runScenario" time="0.772"/>
  <testcase classname="dsAlgo_TestRunner.TestRunner" name="runScenario" time="1.362"/>
  <testcase classname="dsAlgo_TestRunner.TestRunner" name="runScenario" time="1.484"/>
  <testcase classname="dsAlgo_TestRunner.TestRunner" name="runScenario" time="0.273"/>
  <testcase classname="dsAlgo_TestRunner.TestRunner" name="runScenario" time="1.173"/>
  <testcase classname="dsAlgo_TestRunner.TestRunner" name="runScenario" time="3.927"/>
  <testcase classname="dsAlgo_TestRunner.TestRunner" name="runScenario" time="1.377"/>
  <testcase classname="dsAlgo_TestRunner.TestRunner" name="runScenario" time="0.895"/>
  <testcase classname="dsAlgo_TestRunner.TestRunner" name="runScenario" time="3.632"/>
  <testcase classname="dsAlgo_TestRunner.TestRunner" name="runScenario" time="1.395"/>
  <testcase classname="dsAlgo_TestRunner.TestRunner" name="runScenario" time="1.469"/>
  <testcase classname="dsAlgo_TestRunner.TestRunner" name="runScenario" time="1.184"/>
  <testcase classname="dsAlgo_TestRunner.TestRunner" name="runScenario" time="2.047"/>
  <testcase classname="dsAlgo_TestRunner.TestRunner" name="runScenario" time="1.464"/>
  <testcase classname="dsAlgo_TestRunner.TestRunner" name="runScenario" time="1.350"/>
  <testcase classname="dsAlgo_TestRunner.TestRunner" name="runScenario" time="0.858"/>
  <testcase classname="dsAlgo_TestRunner.TestRunner" name="runScenario" time="1.203"/>
  <testcase classname="dsAlgo_TestRunner.TestRunner" name="runScenario" time="1.461"/>
  <testcase classname="dsAlgo_TestRunner.TestRunner" name="runScenario" time="1.398"/>
  <testcase classname="dsAlgo_TestRunner.TestRunner" name="runScenario" time="3.980"/>
  <testcase classname="dsAlgo_TestRunner.TestRunner" name="runScenario" time="3.529"/>
  <testcase classname="dsAlgo_TestRunner.TestRunner" name="runScenario" time="3.430"/>
  <testcase classname="dsAlgo_TestRunner.TestRunner" name="runScenario" time="0.716"/>
  <testcase classname="dsAlgo_TestRunner.TestRunner" name="runScenario" time="1.260"/>
  <testcase classname="dsAlgo_TestRunner.TestRunner" name="runScenario" time="3.886"/>
  <testcase classname="dsAlgo_TestRunner.TestRunner" name="runScenario" time="0.915"/>
  <testcase classname="dsAlgo_TestRunner.TestRunner" name="runScenario" time="0.946"/>
  <testcase classname="dsAlgo_TestRunner.TestRunner" name="runScenario" time="0.849"/>
  <testcase classname="dsAlgo_TestRunner.TestRunner" name="runScenario" time="1.635"/>
  <testcase classname="dsAlgo_TestRunner.TestRunner" name="runScenario" time="1.545"/>
  <testcase classname="dsAlgo_TestRunner.TestRunner" name="runScenario" time="1.345">
    <error message="ConfigReader.programdataExcelpath()" type="java.io.FileNotFoundException">
      <![CDATA[java.io.FileNotFoundException: ConfigReader.programdataExcelpath()
at org.apache.poi.ss.usermodel.WorkbookFactory.create(WorkbookFactory.java:302)
at org.apache.poi.ss.usermodel.WorkbookFactory.create(WorkbookFactory.java:277)
at org.apache.poi.ss.usermodel.WorkbookFactory.create(WorkbookFactory.java:255)
at dsAlgo_Utilities.ExcelReader.getWorkBook(ExcelReader.java:37)
at dsAlgo_Utilities.ExcelReader.getSheetByName(ExcelReader.java:29)
at dsAlgo_Utilities.ExcelReader.getData(ExcelReader.java:20)
at dsAlgo_StepDefinition.EDataStructurePage_SD.the_user_enter_python_ds_code_with_invalid_syntax_in_try_editor_from_sheet_and(EDataStructurePage_SD.java:73)
at ✽.The user enter python DS code with invalid syntax in tryEditor from sheet "array" and 1(file:///C:/Users/Viru/Desktop/Projects/Z_DS-Algo_BDD_change/src/test/resources/Features/EDataStructurePage.feature:24)
]]>
    </error>
  </testcase> <!-- runScenario -->
  <testcase classname="dsAlgo_TestRunner.TestRunner" name="runScenario" time="3.441"/>
  <testcase classname="dsAlgo_TestRunner.TestRunner" name="runScenario" time="0.918"/>
  <testcase classname="dsAlgo_TestRunner.TestRunner" name="runScenario" time="1.901"/>
  <testcase classname="dsAlgo_TestRunner.TestRunner" name="runScenario" time="0.436"/>
  <testcase classname="dsAlgo_TestRunner.TestRunner" name="runScenario" time="0.837"/>
  <testcase classname="dsAlgo_TestRunner.TestRunner" name="runScenario" time="1.669"/>
  <testcase classname="dsAlgo_TestRunner.TestRunner" name="runScenario" time="1.565"/>
  <testcase classname="dsAlgo_TestRunner.TestRunner" name="runScenario" time="1.388"/>
  <testcase classname="dsAlgo_TestRunner.TestRunner" name="runScenario" time="3.697"/>
  <testcase classname="dsAlgo_TestRunner.TestRunner" name="runScenario" time="1.346"/>
  <testcase classname="dsAlgo_TestRunner.TestRunner" name="runScenario" time="11.969">
    <error message="element not interactable
  (Session info: chrome=114.0.5735.199)
Build info: version: &#039;4.9.1&#039;, revision: &#039;eb2032df7f&#039;
System info: os.name: &#039;Windows 11&#039;, os.arch: &#039;amd64&#039;, os.version: &#039;10.0&#039;, java.version: &#039;17.0.7&#039;
Driver info: org.openqa.selenium.chrome.ChromeDriver
Command: [0d228f1a5969e07667dc98bcb1df682d, sendKeysToElement {id=B4E55DCAF42767FB93B2B3AD7A5CE7DA_element_450, value=[Ljava.lang.CharSequence;@4d204b30}]
Capabilities {acceptInsecureCerts: false, browserName: chrome, browserVersion: 114.0.5735.199, chrome: {chromedriverVersion: 114.0.5735.90 (386bc09e8f4f..., userDataDir: C:\Users\Viru\AppData\Local...}, goog:chromeOptions: {debuggerAddress: localhost:62245}, networkConnectionEnabled: false, pageLoadStrategy: normal, platformName: windows, proxy: Proxy(), se:cdp: ws://localhost:62245/devtoo..., se:cdpVersion: 114.0.5735.199, setWindowRect: true, strictFileInteractability: false, timeouts: {implicit: 0, pageLoad: 300000, script: 30000}, unhandledPromptBehavior: dismiss and notify, webauthn:extension:credBlob: true, webauthn:extension:largeBlob: true, webauthn:extension:minPinLength: true, webauthn:extension:prf: true, webauthn:virtualAuthenticators: true}
Element: [[ChromeDriver: chrome on windows (0d228f1a5969e07667dc98bcb1df682d)] -&gt; xpath: //*[@id=&#039;answer_form&#039;]/div/div/div[1]/textarea]
Session ID: 0d228f1a5969e07667dc98bcb1df682d" type="org.openqa.selenium.ElementNotInteractableException">
      <![CDATA[org.openqa.selenium.ElementNotInteractableException: element not interactable
  (Session info: chrome=114.0.5735.199)
Build info: version: '4.9.1', revision: 'eb2032df7f'
System info: os.name: 'Windows 11', os.arch: 'amd64', os.version: '10.0', java.version: '17.0.7'
Driver info: org.openqa.selenium.chrome.ChromeDriver
Command: [0d228f1a5969e07667dc98bcb1df682d, sendKeysToElement {id=B4E55DCAF42767FB93B2B3AD7A5CE7DA_element_450, value=[Ljava.lang.CharSequence;@4d204b30}]
Capabilities {acceptInsecureCerts: false, browserName: chrome, browserVersion: 114.0.5735.199, chrome: {chromedriverVersion: 114.0.5735.90 (386bc09e8f4f..., userDataDir: C:\Users\Viru\AppData\Local...}, goog:chromeOptions: {debuggerAddress: localhost:62245}, networkConnectionEnabled: false, pageLoadStrategy: normal, platformName: windows, proxy: Proxy(), se:cdp: ws://localhost:62245/devtoo..., se:cdpVersion: 114.0.5735.199, setWindowRect: true, strictFileInteractability: false, timeouts: {implicit: 0, pageLoad: 300000, script: 30000}, unhandledPromptBehavior: dismiss and notify, webauthn:extension:credBlob: true, webauthn:extension:largeBlob: true, webauthn:extension:minPinLength: true, webauthn:extension:prf: true, webauthn:virtualAuthenticators: true}
Element: [[ChromeDriver: chrome on windows (0d228f1a5969e07667dc98bcb1df682d)] -> xpath: //*[@id='answer_form']/div/div/div[1]/textarea]
Session ID: 0d228f1a5969e07667dc98bcb1df682d
at java.base/jdk.internal.reflect.NativeConstructorAccessorImpl.newInstance0(Native Method)
at java.base/jdk.internal.reflect.NativeConstructorAccessorImpl.newInstance(NativeConstructorAccessorImpl.java:77)
at java.base/jdk.internal.reflect.DelegatingConstructorAccessorImpl.newInstance(DelegatingConstructorAccessorImpl.java:45)
at java.base/java.lang.reflect.Constructor.newInstanceWithCaller(Constructor.java:499)
at java.base/java.lang.reflect.Constructor.newInstance(Constructor.java:480)
at org.openqa.selenium.remote.codec.w3c.W3CHttpResponseCodec.createException(W3CHttpResponseCodec.java:200)
at org.openqa.selenium.remote.codec.w3c.W3CHttpResponseCodec.decode(W3CHttpResponseCodec.java:133)
at org.openqa.selenium.remote.codec.w3c.W3CHttpResponseCodec.decode(W3CHttpResponseCodec.java:53)
at org.openqa.selenium.remote.HttpCommandExecutor.execute(HttpCommandExecutor.java:193)
at org.openqa.selenium.remote.service.DriverCommandExecutor.invokeExecute(DriverCommandExecutor.java:183)
at org.openqa.selenium.remote.service.DriverCommandExecutor.execute(DriverCommandExecutor.java:158)
at org.openqa.selenium.remote.RemoteWebDriver.execute(RemoteWebDriver.java:543)
at org.openqa.selenium.remote.RemoteWebElement.execute(RemoteWebElement.java:257)
at org.openqa.selenium.remote.RemoteWebElement.sendKeys(RemoteWebElement.java:113)
at jdk.internal.reflect.GeneratedMethodAccessor186.invoke(Unknown Source)
at java.base/jdk.internal.reflect.DelegatingMethodAccessorImpl.invoke(DelegatingMethodAccessorImpl.java:43)
at java.base/java.lang.reflect.Method.invoke(Method.java:568)
at org.openqa.selenium.support.pagefactory.internal.LocatingElementHandler.invoke(LocatingElementHandler.java:52)
at jdk.proxy2/jdk.proxy2.$Proxy44.sendKeys(Unknown Source)
at dsAlgo_Utilities.PageUtils.entercode(PageUtils.java:45)
at dsAlgo_PageObject.EDataStructurePage.enter_code(EDataStructurePage.java:43)
at dsAlgo_StepDefinition.EDataStructurePage_SD.the_user_enter_valid_python_ds_code_in_try_editor_from_sheet_and(EDataStructurePage_SD.java:58)
at ✽.The user enter valid python DS code in tryEditor from sheet "array" and 0(file:///C:/Users/Viru/Desktop/Projects/Z_DS-Algo_BDD_change/src/test/resources/Features/EDataStructurePage.feature:14)
]]>
    </error>
  </testcase> <!-- runScenario -->
  <testcase classname="dsAlgo_TestRunner.TestRunner" name="runScenario" time="0.917"/>
  <testcase classname="dsAlgo_TestRunner.TestRunner" name="runScenario" time="3.845"/>
  <testcase classname="dsAlgo_TestRunner.TestRunner" name="runScenario" time="1.452"/>
  <testcase classname="dsAlgo_TestRunner.TestRunner" name="runScenario" time="0.795"/>
  <testcase classname="dsAlgo_TestRunner.TestRunner" name="runScenario" time="1.176"/>
  <testcase classname="dsAlgo_TestRunner.TestRunner" name="runScenario" time="0.913"/>
  <testcase classname="dsAlgo_TestRunner.TestRunner" name="runScenario" time="1.291"/>
  <testcase classname="dsAlgo_TestRunner.TestRunner" name="runScenario" time="1.398"/>
  <testcase classname="dsAlgo_TestRunner.TestRunner" name="runScenario" time="1.461"/>
  <testcase classname="dsAlgo_TestRunner.TestRunner" name="runScenario" time="0.544"/>
  <testcase classname="dsAlgo_TestRunner.TestRunner" name="runScenario" time="1.570"/>
  <testcase classname="dsAlgo_TestRunner.TestRunner" name="runScenario" time="4.372"/>
  <testcase classname="dsAlgo_TestRunner.TestRunner" name="runScenario" time="1.536"/>
  <testcase classname="dsAlgo_TestRunner.TestRunner" name="runScenario" time="3.764"/>
  <testcase classname="dsAlgo_TestRunner.TestRunner" name="runScenario" time="2.500"/>
  <testcase classname="dsAlgo_TestRunner.TestRunner" name="runScenario" time="0.323"/>
  <testcase classname="dsAlgo_TestRunner.TestRunner" name="runScenario" time="1.015"/>
  <testcase classname="dsAlgo_TestRunner.TestRunner" name="runScenario" time="0.882"/>
  <testcase classname="dsAlgo_TestRunner.TestRunner" name="runScenario" time="1.101"/>
  <testcase classname="dsAlgo_TestRunner.TestRunner" name="runScenario" time="2.343"/>
  <testcase classname="dsAlgo_TestRunner.TestRunner" name="runScenario" time="3.471"/>
  <testcase classname="dsAlgo_TestRunner.TestRunner" name="runScenario" time="3.858"/>
  <testcase classname="dsAlgo_TestRunner.TestRunner" name="runScenario" time="0.869"/>
  <testcase classname="dsAlgo_TestRunner.TestRunner" name="runScenario" time="1.016"/>
  <testcase classname="dsAlgo_TestRunner.TestRunner" name="runScenario" time="0.713"/>
  <testcase classname="dsAlgo_TestRunner.TestRunner" name="runScenario" time="1.289"/>
  <testcase classname="dsAlgo_TestRunner.TestRunner" name="runScenario" time="5.535"/>
  <testcase classname="dsAlgo_TestRunner.TestRunner" name="runScenario" time="3.585"/>
  <testcase classname="dsAlgo_TestRunner.TestRunner" name="runScenario" time="1.051"/>
  <testcase classname="dsAlgo_TestRunner.TestRunner" name="runScenario" time="0.605"/>
  <testcase classname="dsAlgo_TestRunner.TestRunner" name="runScenario" time="3.581"/>
  <testcase classname="dsAlgo_TestRunner.TestRunner" name="runScenario" time="0.908"/>
  <testcase classname="dsAlgo_TestRunner.TestRunner" name="runScenario" time="1.130"/>
  <testcase classname="dsAlgo_TestRunner.TestRunner" name="runScenario" time="3.784"/>
  <testcase classname="dsAlgo_TestRunner.TestRunner" name="runScenario" time="0.200"/>
  <testcase classname="dsAlgo_TestRunner.TestRunner" name="runScenario" time="4.028"/>
  <testcase classname="dsAlgo_TestRunner.TestRunner" name="runScenario" time="0.868"/>
  <testcase classname="dsAlgo_TestRunner.TestRunner" name="runScenario" time="4.230"/>
  <testcase classname="dsAlgo_TestRunner.TestRunner" name="runScenario" time="3.470"/>
  <testcase classname="dsAlgo_TestRunner.TestRunner" name="runScenario" time="3.602"/>
  <testcase classname="dsAlgo_TestRunner.TestRunner" name="runScenario" time="4.456"/>
  <testcase classname="dsAlgo_TestRunner.TestRunner" name="runScenario" time="4.057"/>
  <testcase classname="dsAlgo_TestRunner.TestRunner" name="runScenario" time="2.239"/>
  <testcase classname="dsAlgo_TestRunner.TestRunner" name="runScenario" time="3.498"/>
  <testcase classname="dsAlgo_TestRunner.TestRunner" name="runScenario" time="3.600"/>
  <testcase classname="dsAlgo_TestRunner.TestRunner" name="runScenario" time="1.210"/>
  <testcase classname="dsAlgo_TestRunner.TestRunner" name="runScenario" time="3.394"/>
  <testcase classname="dsAlgo_TestRunner.TestRunner" name="runScenario" time="0.203"/>
  <testcase classname="dsAlgo_TestRunner.TestRunner" name="runScenario" time="3.887"/>
  <testcase classname="dsAlgo_TestRunner.TestRunner" name="runScenario" time="1.309"/>
  <testcase classname="dsAlgo_TestRunner.TestRunner" name="runScenario" time="1.189"/>
  <testcase classname="dsAlgo_TestRunner.TestRunner" name="runScenario" time="1.485"/>
  <testcase classname="dsAlgo_TestRunner.TestRunner" name="runScenario" time="1.845"/>
  <testcase classname="dsAlgo_TestRunner.TestRunner" name="runScenario" time="0.942"/>
  <testcase classname="dsAlgo_TestRunner.TestRunner" name="runScenario" time="0.930"/>
  <testcase classname="dsAlgo_TestRunner.TestRunner" name="runScenario" time="0.422"/>
  <testcase classname="dsAlgo_TestRunner.TestRunner" name="runScenario" time="0.748"/>
  <testcase classname="dsAlgo_TestRunner.TestRunner" name="runScenario" time="1.880"/>
  <testcase classname="dsAlgo_TestRunner.TestRunner" name="runScenario" time="1.400"/>
  <testcase classname="dsAlgo_TestRunner.TestRunner" name="runScenario" time="0.764"/>
  <testcase classname="dsAlgo_TestRunner.TestRunner" name="runScenario" time="1.757"/>
  <testcase classname="dsAlgo_TestRunner.TestRunner" name="runScenario" time="1.195"/>
  <testcase classname="dsAlgo_TestRunner.TestRunner" name="runScenario" time="3.809"/>
  <testcase classname="dsAlgo_TestRunner.TestRunner" name="runScenario" time="0.835"/>
  <testcase classname="dsAlgo_TestRunner.TestRunner" name="runScenario" time="1.180"/>
  <testcase classname="dsAlgo_TestRunner.TestRunner" name="runScenario" time="0.648"/>
  <testcase classname="dsAlgo_TestRunner.TestRunner" name="runScenario" time="0.887"/>
  <testcase classname="dsAlgo_TestRunner.TestRunner" name="runScenario" time="1.036"/>
  <testcase classname="dsAlgo_TestRunner.TestRunner" name="runScenario" time="1.158"/>
  <testcase classname="dsAlgo_TestRunner.TestRunner" name="runScenario" time="3.443"/>
  <testcase classname="dsAlgo_TestRunner.TestRunner" name="runScenario" time="1.737"/>
  <testcase classname="dsAlgo_TestRunner.TestRunner" name="runScenario" time="3.801"/>
  <testcase classname="dsAlgo_TestRunner.TestRunner" name="runScenario" time="1.128"/>
  <testcase classname="dsAlgo_TestRunner.TestRunner" name="runScenario" time="1.219"/>
  <testcase classname="dsAlgo_TestRunner.TestRunner" name="runScenario" time="3.575"/>
  <testcase classname="dsAlgo_TestRunner.TestRunner" name="runScenario" time="1.338"/>
  <testcase classname="dsAlgo_TestRunner.TestRunner" name="runScenario" time="0.448"/>
  <testcase classname="dsAlgo_TestRunner.TestRunner" name="runScenario" time="0.506"/>
  <testcase classname="dsAlgo_TestRunner.TestRunner" name="runScenario" time="1.424"/>
  <testcase classname="dsAlgo_TestRunner.TestRunner" name="runScenario" time="0.783"/>
  <testcase classname="dsAlgo_TestRunner.TestRunner" name="runScenario" time="0.880"/>
  <testcase classname="dsAlgo_TestRunner.TestRunner" name="runScenario" time="0.202"/>
  <testcase classname="dsAlgo_TestRunner.TestRunner" name="runScenario" time="1.228"/>
  <testcase classname="dsAlgo_TestRunner.TestRunner" name="runScenario" time="0.229"/>
  <testcase classname="dsAlgo_TestRunner.TestRunner" name="runScenario" time="3.789"/>
  <testcase classname="dsAlgo_TestRunner.TestRunner" name="runScenario" time="0.430"/>
  <testcase classname="dsAlgo_TestRunner.TestRunner" name="runScenario" time="0.926"/>
  <testcase classname="dsAlgo_TestRunner.TestRunner" name="runScenario" time="3.995"/>
  <testcase classname="dsAlgo_TestRunner.TestRunner" name="runScenario" time="4.236"/>
  <testcase classname="dsAlgo_TestRunner.TestRunner" name="runScenario" time="3.430"/>
  <testcase classname="dsAlgo_TestRunner.TestRunner" name="runScenario" time="3.622"/>
  <testcase classname="dsAlgo_TestRunner.TestRunner" name="runScenario" time="1.620"/>
  <testcase classname="dsAlgo_TestRunner.TestRunner" name="runScenario" time="2.390"/>
  <testcase classname="dsAlgo_TestRunner.TestRunner" name="runScenario" time="4.166"/>
  <testcase classname="dsAlgo_TestRunner.TestRunner" name="runScenario" time="4.484"/>
  <testcase classname="dsAlgo_TestRunner.TestRunner" name="runScenario" time="1.638"/>
  <testcase classname="dsAlgo_TestRunner.TestRunner" name="runScenario" time="3.785"/>
  <testcase classname="dsAlgo_TestRunner.TestRunner" name="runScenario" time="4.042"/>
  <testcase classname="dsAlgo_TestRunner.TestRunner" name="runScenario" time="1.591"/>
  <testcase classname="dsAlgo_TestRunner.TestRunner" name="runScenario" time="1.536"/>
  <testcase classname="dsAlgo_TestRunner.TestRunner" name="runScenario" time="1.312"/>
  <testcase classname="dsAlgo_TestRunner.TestRunner" name="runScenario" time="3.547"/>
  <testcase classname="dsAlgo_TestRunner.TestRunner" name="runScenario" time="0.736"/>
  <testcase classname="dsAlgo_TestRunner.TestRunner" name="runScenario" time="3.534"/>
  <testcase classname="dsAlgo_TestRunner.TestRunner" name="runScenario" time="1.038"/>
  <testcase classname="dsAlgo_TestRunner.TestRunner" name="runScenario" time="0.820"/>
  <testcase classname="dsAlgo_TestRunner.TestRunner" name="runScenario" time="1.176"/>
  <testcase classname="dsAlgo_TestRunner.TestRunner" name="runScenario" time="0.970"/>
</testsuite> <!-- dsAlgo_TestRunner.TestRunner -->
